2021-10-04 15:00:17.728  INFO 11424 --- [main] o.s.web.context.ContextLoader            : Root WebApplicationContext: initialization completed in 1912 ms
2021-10-04 15:00:17.819 DEBUG 11424 --- [main] org.apache.ibatis.logging.LogFactory     : Logging initialized using 'class org.apache.ibatis.logging.slf4j.Slf4jImpl' adapter.
2021-10-04 15:00:17.852 DEBUG 11424 --- [main] org.apache.ibatis.io.VFS                 : Using VFS adapter org.mybatis.spring.boot.autoconfigure.SpringBootVFS
2021-10-04 15:00:17.853 DEBUG 11424 --- [main] org.apache.ibatis.io.ResolverUtil        : Checking to see if class com.example.dubbocommon.order.entity.Order matches criteria [is assignable to Object]
2021-10-04 15:00:18.909 ERROR 11424 --- [main] org.dromara.hmily.spi.ExtensionLoader    : not found service provider for : org.dromara.hmily.core.service.HmilyTransactionHandlerRegistry
2021-10-04 15:01:44.569  INFO 11424 --- [http-nio-8087-exec-2] o.s.web.servlet.DispatcherServlet        : Initializing Servlet 'dispatcherServlet'
2021-10-04 15:01:44.576  INFO 11424 --- [http-nio-8087-exec-2] o.s.web.servlet.DispatcherServlet        : Completed initialization in 7 ms
2021-10-04 15:14:10.718  INFO 2596 --- [main] o.s.web.context.ContextLoader            : Root WebApplicationContext: initialization completed in 2454 ms
2021-10-04 15:14:10.827 DEBUG 2596 --- [main] org.apache.ibatis.logging.LogFactory     : Logging initialized using 'class org.apache.ibatis.logging.slf4j.Slf4jImpl' adapter.
2021-10-04 15:14:10.868 DEBUG 2596 --- [main] org.apache.ibatis.io.VFS                 : Using VFS adapter org.mybatis.spring.boot.autoconfigure.SpringBootVFS
2021-10-04 15:14:10.870 DEBUG 2596 --- [main] org.apache.ibatis.io.ResolverUtil        : Checking to see if class com.example.dubbocommon.order.entity.Order matches criteria [is assignable to Object]
2021-10-04 15:14:11.972 ERROR 2596 --- [main] org.dromara.hmily.spi.ExtensionLoader    : not found service provider for : org.dromara.hmily.core.service.HmilyTransactionHandlerRegistry
2021-10-04 15:14:24.523  INFO 2596 --- [http-nio-8087-exec-2] o.s.web.servlet.DispatcherServlet        : Initializing Servlet 'dispatcherServlet'
2021-10-04 15:14:24.529  INFO 2596 --- [http-nio-8087-exec-2] o.s.web.servlet.DispatcherServlet        : Completed initialization in 6 ms
2021-10-04 15:14:24.944 ERROR 2596 --- [http-nio-8087-exec-2] o.a.c.c.C.[.[.[/].[dispatcherServlet]    : Servlet.service() for servlet [dispatcherServlet] in context with path [] threw exception [Request processing failed; nested exception is java.lang.RuntimeException: 增加账户余额异常] with root cause

java.lang.RuntimeException: 增加账户余额异常
	at com.example.dubboaccount.service.AccountServiceImpl.incrAccountException(AccountServiceImpl.java:84) ~[na:na]
	at com.example.dubboaccount.service.AccountServiceImpl$$FastClassBySpringCGLIB$$65cc39ef.invoke(<generated>) ~[na:na]
	at org.springframework.cglib.proxy.MethodProxy.invoke(MethodProxy.java:218) ~[spring-core-5.1.3.RELEASE.jar:5.1.3.RELEASE]
	at org.springframework.aop.framework.CglibAopProxy$CglibMethodInvocation.invokeJoinpoint(CglibAopProxy.java:749) ~[spring-aop-5.1.3.RELEASE.jar:5.1.3.RELEASE]
	at org.springframework.aop.framework.ReflectiveMethodInvocation.proceed(ReflectiveMethodInvocation.java:163) ~[spring-aop-5.1.3.RELEASE.jar:5.1.3.RELEASE]
	at org.springframework.transaction.interceptor.TransactionAspectSupport.invokeWithinTransaction(TransactionAspectSupport.java:294) ~[spring-tx-5.1.3.RELEASE.jar:5.1.3.RELEASE]
	at org.springframework.transaction.interceptor.TransactionInterceptor.invoke(TransactionInterceptor.java:98) ~[spring-tx-5.1.3.RELEASE.jar:5.1.3.RELEASE]
	at org.springframework.aop.framework.ReflectiveMethodInvocation.proceed(ReflectiveMethodInvocation.java:186) ~[spring-aop-5.1.3.RELEASE.jar:5.1.3.RELEASE]
	at org.springframework.aop.interceptor.ExposeInvocationInterceptor.invoke(ExposeInvocationInterceptor.java:93) ~[spring-aop-5.1.3.RELEASE.jar:5.1.3.RELEASE]
	at org.springframework.aop.framework.ReflectiveMethodInvocation.proceed(ReflectiveMethodInvocation.java:186) ~[spring-aop-5.1.3.RELEASE.jar:5.1.3.RELEASE]
	at org.springframework.aop.aspectj.MethodInvocationProceedingJoinPoint.proceed(MethodInvocationProceedingJoinPoint.java:88) ~[spring-aop-5.1.3.RELEASE.jar:5.1.3.RELEASE]
	at org.dromara.hmily.tcc.handler.StarterHmilyTccTransactionHandler.handleTransaction(StarterHmilyTccTransactionHandler.java:71) ~[hmily-tcc-2.1.2-SNAPSHOT.jar:na]
	at org.dromara.hmily.core.interceptor.HmilyGlobalInterceptor.invokeWithinTransaction(HmilyGlobalInterceptor.java:65) ~[hmily-core-2.1.2-SNAPSHOT.jar:na]
	at org.dromara.hmily.core.interceptor.HmilyGlobalInterceptor.invoke(HmilyGlobalInterceptor.java:60) ~[hmily-core-2.1.2-SNAPSHOT.jar:na]
	at org.dromara.hmily.core.aspect.AbstractHmilyTransactionAspect.interceptTccMethod(AbstractHmilyTransactionAspect.java:53) ~[hmily-core-2.1.2-SNAPSHOT.jar:na]
	at sun.reflect.NativeMethodAccessorImpl.invoke0(Native Method) ~[na:1.8.0_241]
	at sun.reflect.NativeMethodAccessorImpl.invoke(NativeMethodAccessorImpl.java:62) ~[na:1.8.0_241]
	at sun.reflect.DelegatingMethodAccessorImpl.invoke(DelegatingMethodAccessorImpl.java:43) ~[na:1.8.0_241]
	at java.lang.reflect.Method.invoke(Method.java:498) ~[na:1.8.0_241]
	at org.springframework.aop.aspectj.AbstractAspectJAdvice.invokeAdviceMethodWithGivenArgs(AbstractAspectJAdvice.java:644) ~[spring-aop-5.1.3.RELEASE.jar:5.1.3.RELEASE]
	at org.springframework.aop.aspectj.AbstractAspectJAdvice.invokeAdviceMethod(AbstractAspectJAdvice.java:633) ~[spring-aop-5.1.3.RELEASE.jar:5.1.3.RELEASE]
	at org.springframework.aop.aspectj.AspectJAroundAdvice.invoke(AspectJAroundAdvice.java:70) ~[spring-aop-5.1.3.RELEASE.jar:5.1.3.RELEASE]
	at org.springframework.aop.framework.ReflectiveMethodInvocation.proceed(ReflectiveMethodInvocation.java:175) ~[spring-aop-5.1.3.RELEASE.jar:5.1.3.RELEASE]
	at org.springframework.aop.framework.CglibAopProxy$DynamicAdvisedInterceptor.intercept(CglibAopProxy.java:688) ~[spring-aop-5.1.3.RELEASE.jar:5.1.3.RELEASE]
	at com.example.dubboaccount.service.AccountServiceImpl$$EnhancerBySpringCGLIB$$6f2fe028.incrAccountException(<generated>) ~[na:na]
	at com.alibaba.dubbo.common.bytecode.Wrapper0.invokeMethod(Wrapper0.java) ~[dubbo-2.6.5.jar:2.6.5]
	at com.alibaba.dubbo.rpc.proxy.javassist.JavassistProxyFactory$1.doInvoke(JavassistProxyFactory.java:47) ~[dubbo-2.6.5.jar:2.6.5]
	at com.alibaba.dubbo.rpc.proxy.AbstractProxyInvoker.invoke(AbstractProxyInvoker.java:76) ~[dubbo-2.6.5.jar:2.6.5]
	at com.alibaba.dubbo.config.invoker.DelegateProviderMetaDataInvoker.invoke(DelegateProviderMetaDataInvoker.java:52) ~[dubbo-2.6.5.jar:2.6.5]
	at com.alibaba.dubbo.rpc.protocol.InvokerWrapper.invoke(InvokerWrapper.java:56) ~[dubbo-2.6.5.jar:2.6.5]
	at com.alibaba.dubbo.rpc.filter.ExceptionFilter.invoke(ExceptionFilter.java:62) ~[dubbo-2.6.5.jar:2.6.5]
	at com.alibaba.dubbo.rpc.protocol.ProtocolFilterWrapper$1.invoke(ProtocolFilterWrapper.java:72) ~[dubbo-2.6.5.jar:2.6.5]
	at com.alibaba.dubbo.monitor.support.MonitorFilter.invoke(MonitorFilter.java:75) ~[dubbo-2.6.5.jar:2.6.5]
	at com.alibaba.dubbo.rpc.protocol.ProtocolFilterWrapper$1.invoke(ProtocolFilterWrapper.java:72) ~[dubbo-2.6.5.jar:2.6.5]
	at com.alibaba.dubbo.rpc.filter.TimeoutFilter.invoke(TimeoutFilter.java:42) ~[dubbo-2.6.5.jar:2.6.5]
	at com.alibaba.dubbo.rpc.protocol.ProtocolFilterWrapper$1.invoke(ProtocolFilterWrapper.java:72) ~[dubbo-2.6.5.jar:2.6.5]
	at com.alibaba.dubbo.rpc.protocol.dubbo.filter.TraceFilter.invoke(TraceFilter.java:78) ~[dubbo-2.6.5.jar:2.6.5]
	at com.alibaba.dubbo.rpc.protocol.ProtocolFilterWrapper$1.invoke(ProtocolFilterWrapper.java:72) ~[dubbo-2.6.5.jar:2.6.5]
	at com.alibaba.dubbo.rpc.filter.ExecuteLimitFilter.invoke(ExecuteLimitFilter.java:60) ~[dubbo-2.6.5.jar:2.6.5]
	at com.alibaba.dubbo.rpc.protocol.ProtocolFilterWrapper$1.invoke(ProtocolFilterWrapper.java:72) ~[dubbo-2.6.5.jar:2.6.5]
	at com.alibaba.dubbo.rpc.filter.ContextFilter.invoke(ContextFilter.java:73) ~[dubbo-2.6.5.jar:2.6.5]
	at com.alibaba.dubbo.rpc.protocol.ProtocolFilterWrapper$1.invoke(ProtocolFilterWrapper.java:72) ~[dubbo-2.6.5.jar:2.6.5]
	at com.alibaba.dubbo.rpc.filter.GenericFilter.invoke(GenericFilter.java:138) ~[dubbo-2.6.5.jar:2.6.5]
	at com.alibaba.dubbo.rpc.protocol.ProtocolFilterWrapper$1.invoke(ProtocolFilterWrapper.java:72) ~[dubbo-2.6.5.jar:2.6.5]
	at com.alibaba.dubbo.rpc.filter.ClassLoaderFilter.invoke(ClassLoaderFilter.java:38) ~[dubbo-2.6.5.jar:2.6.5]
	at com.alibaba.dubbo.rpc.protocol.ProtocolFilterWrapper$1.invoke(ProtocolFilterWrapper.java:72) ~[dubbo-2.6.5.jar:2.6.5]
	at com.alibaba.dubbo.rpc.filter.EchoFilter.invoke(EchoFilter.java:38) ~[dubbo-2.6.5.jar:2.6.5]
	at com.alibaba.dubbo.rpc.protocol.ProtocolFilterWrapper$1.invoke(ProtocolFilterWrapper.java:72) ~[dubbo-2.6.5.jar:2.6.5]
	at com.alibaba.dubbo.rpc.protocol.dubbo.DubboProtocol$1.reply(DubboProtocol.java:104) ~[dubbo-2.6.5.jar:2.6.5]
	at com.alibaba.dubbo.remoting.exchange.support.header.HeaderExchangeHandler.handleRequest(HeaderExchangeHandler.java:96) ~[dubbo-2.6.5.jar:2.6.5]
	at com.alibaba.dubbo.remoting.exchange.support.header.HeaderExchangeHandler.received(HeaderExchangeHandler.java:173) ~[dubbo-2.6.5.jar:2.6.5]
	at com.alibaba.dubbo.remoting.transport.DecodeHandler.received(DecodeHandler.java:51) ~[dubbo-2.6.5.jar:2.6.5]
	at com.alibaba.dubbo.remoting.transport.dispatcher.ChannelEventRunnable.run(ChannelEventRunnable.java:57) ~[dubbo-2.6.5.jar:2.6.5]
	at java.util.concurrent.ThreadPoolExecutor.runWorker(ThreadPoolExecutor.java:1149) ~[na:1.8.0_241]
	at java.util.concurrent.ThreadPoolExecutor$Worker.run(ThreadPoolExecutor.java:624) ~[na:1.8.0_241]
	at java.lang.Thread.run(Thread.java:748) [na:1.8.0_241]

2021-10-04 15:20:58.180  INFO 14236 --- [main] o.s.web.context.ContextLoader            : Root WebApplicationContext: initialization completed in 1855 ms
2021-10-04 15:20:58.260 DEBUG 14236 --- [main] org.apache.ibatis.logging.LogFactory     : Logging initialized using 'class org.apache.ibatis.logging.slf4j.Slf4jImpl' adapter.
2021-10-04 15:20:58.293 DEBUG 14236 --- [main] org.apache.ibatis.io.VFS                 : Using VFS adapter org.mybatis.spring.boot.autoconfigure.SpringBootVFS
2021-10-04 15:20:58.294 DEBUG 14236 --- [main] org.apache.ibatis.io.ResolverUtil        : Checking to see if class com.example.dubbocommon.order.entity.Order matches criteria [is assignable to Object]
2021-10-04 15:20:59.308 ERROR 14236 --- [main] org.dromara.hmily.spi.ExtensionLoader    : not found service provider for : org.dromara.hmily.core.service.HmilyTransactionHandlerRegistry
2021-10-04 15:21:05.390  INFO 14236 --- [http-nio-8087-exec-2] o.s.web.servlet.DispatcherServlet        : Initializing Servlet 'dispatcherServlet'
2021-10-04 15:21:05.398  INFO 14236 --- [http-nio-8087-exec-2] o.s.web.servlet.DispatcherServlet        : Completed initialization in 7 ms
2021-10-04 15:21:06.114 ERROR 14236 --- [http-nio-8087-exec-2] o.a.c.c.C.[.[.[/].[dispatcherServlet]    : Servlet.service() for servlet [dispatcherServlet] in context with path [] threw exception [Request processing failed; nested exception is com.alibaba.dubbo.rpc.RpcException: Failed to invoke the method incrAccountException in the service com.example.dubbocommon.account.api.AccountService. Tried 1 times of the providers [192.168.101.11:20880] (1/1) from the registry localhost:2181 on the consumer 192.168.101.11 using the dubbo version 2.6.5. Last error is: rpc invoke exception{}] with root cause

java.lang.RuntimeException: 增加账户余额异常
	at com.example.dubboaccount.service.AccountServiceImpl.incrAccountException(AccountServiceImpl.java:84) ~[na:na]
	at com.example.dubboaccount.service.AccountServiceImpl$$FastClassBySpringCGLIB$$65cc39ef.invoke(<generated>) ~[na:na]
	at org.springframework.cglib.proxy.MethodProxy.invoke(MethodProxy.java:218) ~[spring-core-5.1.3.RELEASE.jar:5.1.3.RELEASE]
	at org.springframework.aop.framework.CglibAopProxy$CglibMethodInvocation.invokeJoinpoint(CglibAopProxy.java:749) ~[spring-aop-5.1.3.RELEASE.jar:5.1.3.RELEASE]
	at org.springframework.aop.framework.ReflectiveMethodInvocation.proceed(ReflectiveMethodInvocation.java:163) ~[spring-aop-5.1.3.RELEASE.jar:5.1.3.RELEASE]
	at org.springframework.transaction.interceptor.TransactionAspectSupport.invokeWithinTransaction(TransactionAspectSupport.java:294) ~[spring-tx-5.1.3.RELEASE.jar:5.1.3.RELEASE]
	at org.springframework.transaction.interceptor.TransactionInterceptor.invoke(TransactionInterceptor.java:98) ~[spring-tx-5.1.3.RELEASE.jar:5.1.3.RELEASE]
	at org.springframework.aop.framework.ReflectiveMethodInvocation.proceed(ReflectiveMethodInvocation.java:186) ~[spring-aop-5.1.3.RELEASE.jar:5.1.3.RELEASE]
	at org.springframework.aop.interceptor.ExposeInvocationInterceptor.invoke(ExposeInvocationInterceptor.java:93) ~[spring-aop-5.1.3.RELEASE.jar:5.1.3.RELEASE]
	at org.springframework.aop.framework.ReflectiveMethodInvocation.proceed(ReflectiveMethodInvocation.java:186) ~[spring-aop-5.1.3.RELEASE.jar:5.1.3.RELEASE]
	at org.springframework.aop.aspectj.MethodInvocationProceedingJoinPoint.proceed(MethodInvocationProceedingJoinPoint.java:88) ~[spring-aop-5.1.3.RELEASE.jar:5.1.3.RELEASE]
	at org.dromara.hmily.tcc.handler.ParticipantHmilyTccTransactionHandler.handleTransaction(ParticipantHmilyTccTransactionHandler.java:59) ~[hmily-tcc-2.1.2-SNAPSHOT.jar:na]
	at org.dromara.hmily.core.interceptor.HmilyGlobalInterceptor.invokeWithinTransaction(HmilyGlobalInterceptor.java:65) ~[hmily-core-2.1.2-SNAPSHOT.jar:na]
	at org.dromara.hmily.core.interceptor.HmilyGlobalInterceptor.invoke(HmilyGlobalInterceptor.java:60) ~[hmily-core-2.1.2-SNAPSHOT.jar:na]
	at org.dromara.hmily.core.aspect.AbstractHmilyTransactionAspect.interceptTccMethod(AbstractHmilyTransactionAspect.java:53) ~[hmily-core-2.1.2-SNAPSHOT.jar:na]
	at sun.reflect.NativeMethodAccessorImpl.invoke0(Native Method) ~[na:1.8.0_241]
	at sun.reflect.NativeMethodAccessorImpl.invoke(NativeMethodAccessorImpl.java:62) ~[na:1.8.0_241]
	at sun.reflect.DelegatingMethodAccessorImpl.invoke(DelegatingMethodAccessorImpl.java:43) ~[na:1.8.0_241]
	at java.lang.reflect.Method.invoke(Method.java:498) ~[na:1.8.0_241]
	at org.springframework.aop.aspectj.AbstractAspectJAdvice.invokeAdviceMethodWithGivenArgs(AbstractAspectJAdvice.java:644) ~[spring-aop-5.1.3.RELEASE.jar:5.1.3.RELEASE]
	at org.springframework.aop.aspectj.AbstractAspectJAdvice.invokeAdviceMethod(AbstractAspectJAdvice.java:633) ~[spring-aop-5.1.3.RELEASE.jar:5.1.3.RELEASE]
	at org.springframework.aop.aspectj.AspectJAroundAdvice.invoke(AspectJAroundAdvice.java:70) ~[spring-aop-5.1.3.RELEASE.jar:5.1.3.RELEASE]
	at org.springframework.aop.framework.ReflectiveMethodInvocation.proceed(ReflectiveMethodInvocation.java:175) ~[spring-aop-5.1.3.RELEASE.jar:5.1.3.RELEASE]
	at org.springframework.aop.framework.CglibAopProxy$DynamicAdvisedInterceptor.intercept(CglibAopProxy.java:688) ~[spring-aop-5.1.3.RELEASE.jar:5.1.3.RELEASE]
	at com.example.dubboaccount.service.AccountServiceImpl$$EnhancerBySpringCGLIB$$f9edd6af.incrAccountException(<generated>) ~[na:na]
	at com.alibaba.dubbo.common.bytecode.Wrapper0.invokeMethod(Wrapper0.java) ~[dubbo-2.6.5.jar:2.6.5]
	at com.alibaba.dubbo.rpc.proxy.javassist.JavassistProxyFactory$1.doInvoke(JavassistProxyFactory.java:47) ~[dubbo-2.6.5.jar:2.6.5]
	at com.alibaba.dubbo.rpc.proxy.AbstractProxyInvoker.invoke(AbstractProxyInvoker.java:76) ~[dubbo-2.6.5.jar:2.6.5]
	at com.alibaba.dubbo.config.invoker.DelegateProviderMetaDataInvoker.invoke(DelegateProviderMetaDataInvoker.java:52) ~[dubbo-2.6.5.jar:2.6.5]
	at com.alibaba.dubbo.rpc.protocol.InvokerWrapper.invoke(InvokerWrapper.java:56) ~[dubbo-2.6.5.jar:2.6.5]
	at com.alibaba.dubbo.rpc.filter.ExceptionFilter.invoke(ExceptionFilter.java:62) ~[dubbo-2.6.5.jar:2.6.5]
	at com.alibaba.dubbo.rpc.protocol.ProtocolFilterWrapper$1.invoke(ProtocolFilterWrapper.java:72) ~[dubbo-2.6.5.jar:2.6.5]
	at com.alibaba.dubbo.monitor.support.MonitorFilter.invoke(MonitorFilter.java:75) ~[dubbo-2.6.5.jar:2.6.5]
	at com.alibaba.dubbo.rpc.protocol.ProtocolFilterWrapper$1.invoke(ProtocolFilterWrapper.java:72) ~[dubbo-2.6.5.jar:2.6.5]
	at com.alibaba.dubbo.rpc.filter.TimeoutFilter.invoke(TimeoutFilter.java:42) ~[dubbo-2.6.5.jar:2.6.5]
	at com.alibaba.dubbo.rpc.protocol.ProtocolFilterWrapper$1.invoke(ProtocolFilterWrapper.java:72) ~[dubbo-2.6.5.jar:2.6.5]
	at com.alibaba.dubbo.rpc.protocol.dubbo.filter.TraceFilter.invoke(TraceFilter.java:78) ~[dubbo-2.6.5.jar:2.6.5]
	at com.alibaba.dubbo.rpc.protocol.ProtocolFilterWrapper$1.invoke(ProtocolFilterWrapper.java:72) ~[dubbo-2.6.5.jar:2.6.5]
	at com.alibaba.dubbo.rpc.filter.ExecuteLimitFilter.invoke(ExecuteLimitFilter.java:60) ~[dubbo-2.6.5.jar:2.6.5]
	at com.alibaba.dubbo.rpc.protocol.ProtocolFilterWrapper$1.invoke(ProtocolFilterWrapper.java:72) ~[dubbo-2.6.5.jar:2.6.5]
	at com.alibaba.dubbo.rpc.filter.ContextFilter.invoke(ContextFilter.java:73) ~[dubbo-2.6.5.jar:2.6.5]
	at com.alibaba.dubbo.rpc.protocol.ProtocolFilterWrapper$1.invoke(ProtocolFilterWrapper.java:72) ~[dubbo-2.6.5.jar:2.6.5]
	at com.alibaba.dubbo.rpc.filter.GenericFilter.invoke(GenericFilter.java:138) ~[dubbo-2.6.5.jar:2.6.5]
	at com.alibaba.dubbo.rpc.protocol.ProtocolFilterWrapper$1.invoke(ProtocolFilterWrapper.java:72) ~[dubbo-2.6.5.jar:2.6.5]
	at com.alibaba.dubbo.rpc.filter.ClassLoaderFilter.invoke(ClassLoaderFilter.java:38) ~[dubbo-2.6.5.jar:2.6.5]
	at com.alibaba.dubbo.rpc.protocol.ProtocolFilterWrapper$1.invoke(ProtocolFilterWrapper.java:72) ~[dubbo-2.6.5.jar:2.6.5]
	at com.alibaba.dubbo.rpc.filter.EchoFilter.invoke(EchoFilter.java:38) ~[dubbo-2.6.5.jar:2.6.5]
	at com.alibaba.dubbo.rpc.protocol.ProtocolFilterWrapper$1.invoke(ProtocolFilterWrapper.java:72) ~[dubbo-2.6.5.jar:2.6.5]
	at com.alibaba.dubbo.rpc.protocol.dubbo.DubboProtocol$1.reply(DubboProtocol.java:104) ~[dubbo-2.6.5.jar:2.6.5]
	at com.alibaba.dubbo.remoting.exchange.support.header.HeaderExchangeHandler.handleRequest(HeaderExchangeHandler.java:96) ~[dubbo-2.6.5.jar:2.6.5]
	at com.alibaba.dubbo.remoting.exchange.support.header.HeaderExchangeHandler.received(HeaderExchangeHandler.java:173) ~[dubbo-2.6.5.jar:2.6.5]
	at com.alibaba.dubbo.remoting.transport.DecodeHandler.received(DecodeHandler.java:51) ~[dubbo-2.6.5.jar:2.6.5]
	at com.alibaba.dubbo.remoting.transport.dispatcher.ChannelEventRunnable.run(ChannelEventRunnable.java:57) ~[dubbo-2.6.5.jar:2.6.5]
	at java.util.concurrent.ThreadPoolExecutor.runWorker(ThreadPoolExecutor.java:1149) ~[na:1.8.0_241]
	at java.util.concurrent.ThreadPoolExecutor$Worker.run(ThreadPoolExecutor.java:624) ~[na:1.8.0_241]
	at java.lang.Thread.run(Thread.java:748) [na:1.8.0_241]

2021-10-04 15:23:20.901 ERROR 14236 --- [http-nio-8087-exec-4] o.a.c.c.C.[.[.[/].[dispatcherServlet]    : Servlet.service() for servlet [dispatcherServlet] in context with path [] threw exception [Request processing failed; nested exception is com.alibaba.dubbo.rpc.RpcException: Failed to invoke the method incrAccountException in the service com.example.dubbocommon.account.api.AccountService. Tried 1 times of the providers [192.168.101.11:20880] (1/1) from the registry localhost:2181 on the consumer 192.168.101.11 using the dubbo version 2.6.5. Last error is: rpc invoke exception{}] with root cause

java.lang.RuntimeException: 增加账户余额异常
	at com.example.dubboaccount.service.AccountServiceImpl.incrAccountException(AccountServiceImpl.java:84) ~[na:na]
	at com.example.dubboaccount.service.AccountServiceImpl$$FastClassBySpringCGLIB$$65cc39ef.invoke(<generated>) ~[na:na]
	at org.springframework.cglib.proxy.MethodProxy.invoke(MethodProxy.java:218) ~[spring-core-5.1.3.RELEASE.jar:5.1.3.RELEASE]
	at org.springframework.aop.framework.CglibAopProxy$CglibMethodInvocation.invokeJoinpoint(CglibAopProxy.java:749) ~[spring-aop-5.1.3.RELEASE.jar:5.1.3.RELEASE]
	at org.springframework.aop.framework.ReflectiveMethodInvocation.proceed(ReflectiveMethodInvocation.java:163) ~[spring-aop-5.1.3.RELEASE.jar:5.1.3.RELEASE]
	at org.springframework.transaction.interceptor.TransactionAspectSupport.invokeWithinTransaction(TransactionAspectSupport.java:294) ~[spring-tx-5.1.3.RELEASE.jar:5.1.3.RELEASE]
	at org.springframework.transaction.interceptor.TransactionInterceptor.invoke(TransactionInterceptor.java:98) ~[spring-tx-5.1.3.RELEASE.jar:5.1.3.RELEASE]
	at org.springframework.aop.framework.ReflectiveMethodInvocation.proceed(ReflectiveMethodInvocation.java:186) ~[spring-aop-5.1.3.RELEASE.jar:5.1.3.RELEASE]
	at org.springframework.aop.interceptor.ExposeInvocationInterceptor.invoke(ExposeInvocationInterceptor.java:93) ~[spring-aop-5.1.3.RELEASE.jar:5.1.3.RELEASE]
	at org.springframework.aop.framework.ReflectiveMethodInvocation.proceed(ReflectiveMethodInvocation.java:186) ~[spring-aop-5.1.3.RELEASE.jar:5.1.3.RELEASE]
	at org.springframework.aop.aspectj.MethodInvocationProceedingJoinPoint.proceed(MethodInvocationProceedingJoinPoint.java:88) ~[spring-aop-5.1.3.RELEASE.jar:5.1.3.RELEASE]
	at org.dromara.hmily.tcc.handler.ParticipantHmilyTccTransactionHandler.handleTransaction(ParticipantHmilyTccTransactionHandler.java:59) ~[hmily-tcc-2.1.2-SNAPSHOT.jar:na]
	at org.dromara.hmily.core.interceptor.HmilyGlobalInterceptor.invokeWithinTransaction(HmilyGlobalInterceptor.java:65) ~[hmily-core-2.1.2-SNAPSHOT.jar:na]
	at org.dromara.hmily.core.interceptor.HmilyGlobalInterceptor.invoke(HmilyGlobalInterceptor.java:60) ~[hmily-core-2.1.2-SNAPSHOT.jar:na]
	at org.dromara.hmily.core.aspect.AbstractHmilyTransactionAspect.interceptTccMethod(AbstractHmilyTransactionAspect.java:53) ~[hmily-core-2.1.2-SNAPSHOT.jar:na]
	at sun.reflect.NativeMethodAccessorImpl.invoke0(Native Method) ~[na:1.8.0_241]
	at sun.reflect.NativeMethodAccessorImpl.invoke(NativeMethodAccessorImpl.java:62) ~[na:1.8.0_241]
	at sun.reflect.DelegatingMethodAccessorImpl.invoke(DelegatingMethodAccessorImpl.java:43) ~[na:1.8.0_241]
	at java.lang.reflect.Method.invoke(Method.java:498) ~[na:1.8.0_241]
	at org.springframework.aop.aspectj.AbstractAspectJAdvice.invokeAdviceMethodWithGivenArgs(AbstractAspectJAdvice.java:644) ~[spring-aop-5.1.3.RELEASE.jar:5.1.3.RELEASE]
	at org.springframework.aop.aspectj.AbstractAspectJAdvice.invokeAdviceMethod(AbstractAspectJAdvice.java:633) ~[spring-aop-5.1.3.RELEASE.jar:5.1.3.RELEASE]
	at org.springframework.aop.aspectj.AspectJAroundAdvice.invoke(AspectJAroundAdvice.java:70) ~[spring-aop-5.1.3.RELEASE.jar:5.1.3.RELEASE]
	at org.springframework.aop.framework.ReflectiveMethodInvocation.proceed(ReflectiveMethodInvocation.java:175) ~[spring-aop-5.1.3.RELEASE.jar:5.1.3.RELEASE]
	at org.springframework.aop.framework.CglibAopProxy$DynamicAdvisedInterceptor.intercept(CglibAopProxy.java:688) ~[spring-aop-5.1.3.RELEASE.jar:5.1.3.RELEASE]
	at com.example.dubboaccount.service.AccountServiceImpl$$EnhancerBySpringCGLIB$$f9edd6af.incrAccountException(<generated>) ~[na:na]
	at com.alibaba.dubbo.common.bytecode.Wrapper0.invokeMethod(Wrapper0.java) ~[dubbo-2.6.5.jar:2.6.5]
	at com.alibaba.dubbo.rpc.proxy.javassist.JavassistProxyFactory$1.doInvoke(JavassistProxyFactory.java:47) ~[dubbo-2.6.5.jar:2.6.5]
	at com.alibaba.dubbo.rpc.proxy.AbstractProxyInvoker.invoke(AbstractProxyInvoker.java:76) ~[dubbo-2.6.5.jar:2.6.5]
	at com.alibaba.dubbo.config.invoker.DelegateProviderMetaDataInvoker.invoke(DelegateProviderMetaDataInvoker.java:52) ~[dubbo-2.6.5.jar:2.6.5]
	at com.alibaba.dubbo.rpc.protocol.InvokerWrapper.invoke(InvokerWrapper.java:56) ~[dubbo-2.6.5.jar:2.6.5]
	at com.alibaba.dubbo.rpc.filter.ExceptionFilter.invoke(ExceptionFilter.java:62) ~[dubbo-2.6.5.jar:2.6.5]
	at com.alibaba.dubbo.rpc.protocol.ProtocolFilterWrapper$1.invoke(ProtocolFilterWrapper.java:72) ~[dubbo-2.6.5.jar:2.6.5]
	at com.alibaba.dubbo.monitor.support.MonitorFilter.invoke(MonitorFilter.java:75) ~[dubbo-2.6.5.jar:2.6.5]
	at com.alibaba.dubbo.rpc.protocol.ProtocolFilterWrapper$1.invoke(ProtocolFilterWrapper.java:72) ~[dubbo-2.6.5.jar:2.6.5]
	at com.alibaba.dubbo.rpc.filter.TimeoutFilter.invoke(TimeoutFilter.java:42) ~[dubbo-2.6.5.jar:2.6.5]
	at com.alibaba.dubbo.rpc.protocol.ProtocolFilterWrapper$1.invoke(ProtocolFilterWrapper.java:72) ~[dubbo-2.6.5.jar:2.6.5]
	at com.alibaba.dubbo.rpc.protocol.dubbo.filter.TraceFilter.invoke(TraceFilter.java:78) ~[dubbo-2.6.5.jar:2.6.5]
	at com.alibaba.dubbo.rpc.protocol.ProtocolFilterWrapper$1.invoke(ProtocolFilterWrapper.java:72) ~[dubbo-2.6.5.jar:2.6.5]
	at com.alibaba.dubbo.rpc.filter.ExecuteLimitFilter.invoke(ExecuteLimitFilter.java:60) ~[dubbo-2.6.5.jar:2.6.5]
	at com.alibaba.dubbo.rpc.protocol.ProtocolFilterWrapper$1.invoke(ProtocolFilterWrapper.java:72) ~[dubbo-2.6.5.jar:2.6.5]
	at com.alibaba.dubbo.rpc.filter.ContextFilter.invoke(ContextFilter.java:73) ~[dubbo-2.6.5.jar:2.6.5]
	at com.alibaba.dubbo.rpc.protocol.ProtocolFilterWrapper$1.invoke(ProtocolFilterWrapper.java:72) ~[dubbo-2.6.5.jar:2.6.5]
	at com.alibaba.dubbo.rpc.filter.GenericFilter.invoke(GenericFilter.java:138) ~[dubbo-2.6.5.jar:2.6.5]
	at com.alibaba.dubbo.rpc.protocol.ProtocolFilterWrapper$1.invoke(ProtocolFilterWrapper.java:72) ~[dubbo-2.6.5.jar:2.6.5]
	at com.alibaba.dubbo.rpc.filter.ClassLoaderFilter.invoke(ClassLoaderFilter.java:38) ~[dubbo-2.6.5.jar:2.6.5]
	at com.alibaba.dubbo.rpc.protocol.ProtocolFilterWrapper$1.invoke(ProtocolFilterWrapper.java:72) ~[dubbo-2.6.5.jar:2.6.5]
	at com.alibaba.dubbo.rpc.filter.EchoFilter.invoke(EchoFilter.java:38) ~[dubbo-2.6.5.jar:2.6.5]
	at com.alibaba.dubbo.rpc.protocol.ProtocolFilterWrapper$1.invoke(ProtocolFilterWrapper.java:72) ~[dubbo-2.6.5.jar:2.6.5]
	at com.alibaba.dubbo.rpc.protocol.dubbo.DubboProtocol$1.reply(DubboProtocol.java:104) ~[dubbo-2.6.5.jar:2.6.5]
	at com.alibaba.dubbo.remoting.exchange.support.header.HeaderExchangeHandler.handleRequest(HeaderExchangeHandler.java:96) ~[dubbo-2.6.5.jar:2.6.5]
	at com.alibaba.dubbo.remoting.exchange.support.header.HeaderExchangeHandler.received(HeaderExchangeHandler.java:173) ~[dubbo-2.6.5.jar:2.6.5]
	at com.alibaba.dubbo.remoting.transport.DecodeHandler.received(DecodeHandler.java:51) ~[dubbo-2.6.5.jar:2.6.5]
	at com.alibaba.dubbo.remoting.transport.dispatcher.ChannelEventRunnable.run(ChannelEventRunnable.java:57) ~[dubbo-2.6.5.jar:2.6.5]
	at java.util.concurrent.ThreadPoolExecutor.runWorker(ThreadPoolExecutor.java:1149) ~[na:1.8.0_241]
	at java.util.concurrent.ThreadPoolExecutor$Worker.run(ThreadPoolExecutor.java:624) ~[na:1.8.0_241]
	at java.lang.Thread.run(Thread.java:748) [na:1.8.0_241]

2021-10-04 15:25:37.503  INFO 17044 --- [main] o.s.web.context.ContextLoader            : Root WebApplicationContext: initialization completed in 1900 ms
2021-10-04 15:25:37.576 DEBUG 17044 --- [main] org.apache.ibatis.logging.LogFactory     : Logging initialized using 'class org.apache.ibatis.logging.slf4j.Slf4jImpl' adapter.
2021-10-04 15:25:37.611 DEBUG 17044 --- [main] org.apache.ibatis.io.VFS                 : Using VFS adapter org.mybatis.spring.boot.autoconfigure.SpringBootVFS
2021-10-04 15:25:37.612 DEBUG 17044 --- [main] org.apache.ibatis.io.ResolverUtil        : Checking to see if class com.example.dubbocommon.order.entity.Order matches criteria [is assignable to Object]
2021-10-04 15:25:38.621 ERROR 17044 --- [main] org.dromara.hmily.spi.ExtensionLoader    : not found service provider for : org.dromara.hmily.core.service.HmilyTransactionHandlerRegistry
2021-10-04 15:25:46.408  INFO 17044 --- [http-nio-8087-exec-2] o.s.web.servlet.DispatcherServlet        : Initializing Servlet 'dispatcherServlet'
2021-10-04 15:25:46.414  INFO 17044 --- [http-nio-8087-exec-2] o.s.web.servlet.DispatcherServlet        : Completed initialization in 6 ms
2021-10-04 15:28:52.770  INFO 17912 --- [main] o.s.web.context.ContextLoader            : Root WebApplicationContext: initialization completed in 2018 ms
2021-10-04 15:28:52.860 DEBUG 17912 --- [main] org.apache.ibatis.logging.LogFactory     : Logging initialized using 'class org.apache.ibatis.logging.slf4j.Slf4jImpl' adapter.
2021-10-04 15:28:52.892 DEBUG 17912 --- [main] org.apache.ibatis.io.VFS                 : Using VFS adapter org.mybatis.spring.boot.autoconfigure.SpringBootVFS
2021-10-04 15:28:52.893 DEBUG 17912 --- [main] org.apache.ibatis.io.ResolverUtil        : Checking to see if class com.example.dubbocommon.order.entity.Order matches criteria [is assignable to Object]
2021-10-04 15:28:53.894 ERROR 17912 --- [main] org.dromara.hmily.spi.ExtensionLoader    : not found service provider for : org.dromara.hmily.core.service.HmilyTransactionHandlerRegistry
2021-10-04 15:29:29.601  INFO 8644 --- [main] o.s.web.context.ContextLoader            : Root WebApplicationContext: initialization completed in 1893 ms
2021-10-04 15:29:29.677 DEBUG 8644 --- [main] org.apache.ibatis.logging.LogFactory     : Logging initialized using 'class org.apache.ibatis.logging.slf4j.Slf4jImpl' adapter.
2021-10-04 15:29:29.708 DEBUG 8644 --- [main] org.apache.ibatis.io.VFS                 : Using VFS adapter org.mybatis.spring.boot.autoconfigure.SpringBootVFS
2021-10-04 15:29:29.709 DEBUG 8644 --- [main] org.apache.ibatis.io.ResolverUtil        : Checking to see if class com.example.dubbocommon.order.entity.Order matches criteria [is assignable to Object]
2021-10-04 15:29:30.718 ERROR 8644 --- [main] org.dromara.hmily.spi.ExtensionLoader    : not found service provider for : org.dromara.hmily.core.service.HmilyTransactionHandlerRegistry
2021-10-04 15:29:44.956  INFO 8644 --- [http-nio-8087-exec-2] o.s.web.servlet.DispatcherServlet        : Initializing Servlet 'dispatcherServlet'
2021-10-04 15:29:44.962  INFO 8644 --- [http-nio-8087-exec-2] o.s.web.servlet.DispatcherServlet        : Completed initialization in 6 ms
2021-10-04 15:30:51.964  INFO 10996 --- [main] o.s.web.context.ContextLoader            : Root WebApplicationContext: initialization completed in 2032 ms
2021-10-04 15:30:52.066 DEBUG 10996 --- [main] org.apache.ibatis.logging.LogFactory     : Logging initialized using 'class org.apache.ibatis.logging.slf4j.Slf4jImpl' adapter.
2021-10-04 15:30:52.103 DEBUG 10996 --- [main] org.apache.ibatis.io.VFS                 : Using VFS adapter org.mybatis.spring.boot.autoconfigure.SpringBootVFS
2021-10-04 15:30:52.104 DEBUG 10996 --- [main] org.apache.ibatis.io.ResolverUtil        : Checking to see if class com.example.dubbocommon.order.entity.Order matches criteria [is assignable to Object]
2021-10-04 15:30:53.116 ERROR 10996 --- [main] org.dromara.hmily.spi.ExtensionLoader    : not found service provider for : org.dromara.hmily.core.service.HmilyTransactionHandlerRegistry
2021-10-04 15:31:01.499  INFO 10996 --- [http-nio-8087-exec-2] o.s.web.servlet.DispatcherServlet        : Initializing Servlet 'dispatcherServlet'
2021-10-04 15:31:01.506  INFO 10996 --- [http-nio-8087-exec-2] o.s.web.servlet.DispatcherServlet        : Completed initialization in 6 ms
2021-10-04 15:31:48.164  INFO 12040 --- [main] o.s.web.context.ContextLoader            : Root WebApplicationContext: initialization completed in 1891 ms
2021-10-04 15:31:48.250 DEBUG 12040 --- [main] org.apache.ibatis.logging.LogFactory     : Logging initialized using 'class org.apache.ibatis.logging.slf4j.Slf4jImpl' adapter.
2021-10-04 15:31:48.281 DEBUG 12040 --- [main] org.apache.ibatis.io.VFS                 : Using VFS adapter org.mybatis.spring.boot.autoconfigure.SpringBootVFS
2021-10-04 15:31:48.282 DEBUG 12040 --- [main] org.apache.ibatis.io.ResolverUtil        : Checking to see if class com.example.dubbocommon.order.entity.Order matches criteria [is assignable to Object]
2021-10-04 15:31:49.281 ERROR 12040 --- [main] org.dromara.hmily.spi.ExtensionLoader    : not found service provider for : org.dromara.hmily.core.service.HmilyTransactionHandlerRegistry
2021-10-04 15:32:59.634  INFO 12040 --- [http-nio-8087-exec-2] o.s.web.servlet.DispatcherServlet        : Initializing Servlet 'dispatcherServlet'
2021-10-04 15:32:59.641  INFO 12040 --- [http-nio-8087-exec-2] o.s.web.servlet.DispatcherServlet        : Completed initialization in 6 ms
2021-10-04 15:34:16.870 ERROR 12040 --- [http-nio-8087-exec-5] o.a.c.c.C.[.[.[/].[dispatcherServlet]    : Servlet.service() for servlet [dispatcherServlet] in context with path [] threw exception [Request processing failed; nested exception is org.springframework.dao.DataIntegrityViolationException: 
### Error updating database.  Cause: java.sql.SQLIntegrityConstraintViolationException: Column 'order_id' cannot be null
### The error may involve com.example.dubbocommon.order.mapper.OrderMapper.save-Inline
### The error occurred while setting parameters
### SQL: insert into t_order (order_id, user_id, amount, ratio, order_type, status, create_time, modify_time) values (?, ?, ?, ?, ?, ?, ?, ?)
### Cause: java.sql.SQLIntegrityConstraintViolationException: Column 'order_id' cannot be null
; Column 'order_id' cannot be null; nested exception is java.sql.SQLIntegrityConstraintViolationException: Column 'order_id' cannot be null] with root cause

java.sql.SQLIntegrityConstraintViolationException: Column 'order_id' cannot be null
	at com.mysql.cj.jdbc.exceptions.SQLError.createSQLException(SQLError.java:117) ~[mysql-connector-java-8.0.22.jar:8.0.22]
	at com.mysql.cj.jdbc.exceptions.SQLError.createSQLException(SQLError.java:97) ~[mysql-connector-java-8.0.22.jar:8.0.22]
	at com.mysql.cj.jdbc.exceptions.SQLExceptionsMapping.translateException(SQLExceptionsMapping.java:122) ~[mysql-connector-java-8.0.22.jar:8.0.22]
	at com.mysql.cj.jdbc.ClientPreparedStatement.executeInternal(ClientPreparedStatement.java:953) ~[mysql-connector-java-8.0.22.jar:8.0.22]
	at com.mysql.cj.jdbc.ClientPreparedStatement.execute(ClientPreparedStatement.java:370) ~[mysql-connector-java-8.0.22.jar:8.0.22]
	at com.zaxxer.hikari.pool.ProxyPreparedStatement.execute(ProxyPreparedStatement.java:44) ~[HikariCP-3.2.0.jar:na]
	at com.zaxxer.hikari.pool.HikariProxyPreparedStatement.execute(HikariProxyPreparedStatement.java) ~[HikariCP-3.2.0.jar:na]
	at org.apache.ibatis.executor.statement.PreparedStatementHandler.update(PreparedStatementHandler.java:46) ~[mybatis-3.4.6.jar:3.4.6]
	at org.apache.ibatis.executor.statement.RoutingStatementHandler.update(RoutingStatementHandler.java:74) ~[mybatis-3.4.6.jar:3.4.6]
	at org.apache.ibatis.executor.SimpleExecutor.doUpdate(SimpleExecutor.java:50) ~[mybatis-3.4.6.jar:3.4.6]
	at org.apache.ibatis.executor.BaseExecutor.update(BaseExecutor.java:117) ~[mybatis-3.4.6.jar:3.4.6]
	at org.apache.ibatis.executor.CachingExecutor.update(CachingExecutor.java:76) ~[mybatis-3.4.6.jar:3.4.6]
	at org.apache.ibatis.session.defaults.DefaultSqlSession.update(DefaultSqlSession.java:198) ~[mybatis-3.4.6.jar:3.4.6]
	at org.apache.ibatis.session.defaults.DefaultSqlSession.insert(DefaultSqlSession.java:185) ~[mybatis-3.4.6.jar:3.4.6]
	at sun.reflect.NativeMethodAccessorImpl.invoke0(Native Method) ~[na:1.8.0_241]
	at sun.reflect.NativeMethodAccessorImpl.invoke(NativeMethodAccessorImpl.java:62) ~[na:1.8.0_241]
	at sun.reflect.DelegatingMethodAccessorImpl.invoke(DelegatingMethodAccessorImpl.java:43) ~[na:1.8.0_241]
	at java.lang.reflect.Method.invoke(Method.java:498) ~[na:1.8.0_241]
	at org.mybatis.spring.SqlSessionTemplate$SqlSessionInterceptor.invoke(SqlSessionTemplate.java:433) ~[mybatis-spring-1.3.2.jar:1.3.2]
	at com.sun.proxy.$Proxy82.insert(Unknown Source) ~[na:na]
	at org.mybatis.spring.SqlSessionTemplate.insert(SqlSessionTemplate.java:278) ~[mybatis-spring-1.3.2.jar:1.3.2]
	at org.apache.ibatis.binding.MapperMethod.execute(MapperMethod.java:58) ~[mybatis-3.4.6.jar:3.4.6]
	at org.apache.ibatis.binding.MapperProxy.invoke(MapperProxy.java:59) ~[mybatis-3.4.6.jar:3.4.6]
	at com.sun.proxy.$Proxy85.save(Unknown Source) ~[na:na]
	at com.example.dubboorder.service.impl.OrderServiceImpl.confirmException(OrderServiceImpl.java:92) ~[classes/:na]
	at com.example.dubboorder.service.impl.OrderServiceImpl$$FastClassBySpringCGLIB$$c6c9316f.invoke(<generated>) ~[classes/:na]
	at org.springframework.cglib.proxy.MethodProxy.invoke(MethodProxy.java:218) ~[spring-core-5.1.3.RELEASE.jar:5.1.3.RELEASE]
	at org.springframework.aop.framework.CglibAopProxy$CglibMethodInvocation.invokeJoinpoint(CglibAopProxy.java:749) ~[spring-aop-5.1.3.RELEASE.jar:5.1.3.RELEASE]
	at org.springframework.aop.framework.ReflectiveMethodInvocation.proceed(ReflectiveMethodInvocation.java:163) ~[spring-aop-5.1.3.RELEASE.jar:5.1.3.RELEASE]
	at org.springframework.transaction.interceptor.TransactionAspectSupport.invokeWithinTransaction(TransactionAspectSupport.java:294) ~[spring-tx-5.1.3.RELEASE.jar:5.1.3.RELEASE]
	at org.springframework.transaction.interceptor.TransactionInterceptor.invoke(TransactionInterceptor.java:98) ~[spring-tx-5.1.3.RELEASE.jar:5.1.3.RELEASE]
	at org.springframework.aop.framework.ReflectiveMethodInvocation.proceed(ReflectiveMethodInvocation.java:186) ~[spring-aop-5.1.3.RELEASE.jar:5.1.3.RELEASE]
	at org.springframework.aop.interceptor.ExposeInvocationInterceptor.invoke(ExposeInvocationInterceptor.java:93) ~[spring-aop-5.1.3.RELEASE.jar:5.1.3.RELEASE]
	at org.springframework.aop.framework.ReflectiveMethodInvocation.proceed(ReflectiveMethodInvocation.java:186) ~[spring-aop-5.1.3.RELEASE.jar:5.1.3.RELEASE]
	at org.springframework.aop.aspectj.MethodInvocationProceedingJoinPoint.proceed(MethodInvocationProceedingJoinPoint.java:88) ~[spring-aop-5.1.3.RELEASE.jar:5.1.3.RELEASE]
	at org.dromara.hmily.tcc.handler.StarterHmilyTccTransactionHandler.handleTransaction(StarterHmilyTccTransactionHandler.java:71) ~[hmily-tcc-2.1.2-SNAPSHOT.jar:na]
	at org.dromara.hmily.core.interceptor.HmilyGlobalInterceptor.invokeWithinTransaction(HmilyGlobalInterceptor.java:65) ~[hmily-core-2.1.2-SNAPSHOT.jar:na]
	at org.dromara.hmily.core.interceptor.HmilyGlobalInterceptor.invoke(HmilyGlobalInterceptor.java:60) ~[hmily-core-2.1.2-SNAPSHOT.jar:na]
	at org.dromara.hmily.core.aspect.AbstractHmilyTransactionAspect.interceptTccMethod(AbstractHmilyTransactionAspect.java:53) ~[hmily-core-2.1.2-SNAPSHOT.jar:na]
	at sun.reflect.NativeMethodAccessorImpl.invoke0(Native Method) ~[na:1.8.0_241]
	at sun.reflect.NativeMethodAccessorImpl.invoke(NativeMethodAccessorImpl.java:62) ~[na:1.8.0_241]
	at sun.reflect.DelegatingMethodAccessorImpl.invoke(DelegatingMethodAccessorImpl.java:43) ~[na:1.8.0_241]
	at java.lang.reflect.Method.invoke(Method.java:498) ~[na:1.8.0_241]
	at org.springframework.aop.aspectj.AbstractAspectJAdvice.invokeAdviceMethodWithGivenArgs(AbstractAspectJAdvice.java:644) ~[spring-aop-5.1.3.RELEASE.jar:5.1.3.RELEASE]
	at org.springframework.aop.aspectj.AbstractAspectJAdvice.invokeAdviceMethod(AbstractAspectJAdvice.java:633) ~[spring-aop-5.1.3.RELEASE.jar:5.1.3.RELEASE]
	at org.springframework.aop.aspectj.AspectJAroundAdvice.invoke(AspectJAroundAdvice.java:70) ~[spring-aop-5.1.3.RELEASE.jar:5.1.3.RELEASE]
	at org.springframework.aop.framework.ReflectiveMethodInvocation.proceed(ReflectiveMethodInvocation.java:175) ~[spring-aop-5.1.3.RELEASE.jar:5.1.3.RELEASE]
	at org.springframework.aop.framework.CglibAopProxy$DynamicAdvisedInterceptor.intercept(CglibAopProxy.java:688) ~[spring-aop-5.1.3.RELEASE.jar:5.1.3.RELEASE]
	at com.example.dubboorder.service.impl.OrderServiceImpl$$EnhancerBySpringCGLIB$$959ae97a.confirmException(<generated>) ~[classes/:na]
	at com.example.dubboorder.controller.OrderController.orderException(OrderController.java:36) ~[classes/:na]
	at sun.reflect.NativeMethodAccessorImpl.invoke0(Native Method) ~[na:1.8.0_241]
	at sun.reflect.NativeMethodAccessorImpl.invoke(NativeMethodAccessorImpl.java:62) ~[na:1.8.0_241]
	at sun.reflect.DelegatingMethodAccessorImpl.invoke(DelegatingMethodAccessorImpl.java:43) ~[na:1.8.0_241]
	at java.lang.reflect.Method.invoke(Method.java:498) ~[na:1.8.0_241]
	at org.springframework.web.method.support.InvocableHandlerMethod.doInvoke(InvocableHandlerMethod.java:189) ~[spring-web-5.1.3.RELEASE.jar:5.1.3.RELEASE]
	at org.springframework.web.method.support.InvocableHandlerMethod.invokeForRequest(InvocableHandlerMethod.java:138) ~[spring-web-5.1.3.RELEASE.jar:5.1.3.RELEASE]
	at org.springframework.web.servlet.mvc.method.annotation.ServletInvocableHandlerMethod.invokeAndHandle(ServletInvocableHandlerMethod.java:102) ~[spring-webmvc-5.1.3.RELEASE.jar:5.1.3.RELEASE]
	at org.springframework.web.servlet.mvc.method.annotation.RequestMappingHandlerAdapter.invokeHandlerMethod(RequestMappingHandlerAdapter.java:895) ~[spring-webmvc-5.1.3.RELEASE.jar:5.1.3.RELEASE]
	at org.springframework.web.servlet.mvc.method.annotation.RequestMappingHandlerAdapter.handleInternal(RequestMappingHandlerAdapter.java:800) ~[spring-webmvc-5.1.3.RELEASE.jar:5.1.3.RELEASE]
	at org.springframework.web.servlet.mvc.method.AbstractHandlerMethodAdapter.handle(AbstractHandlerMethodAdapter.java:87) ~[spring-webmvc-5.1.3.RELEASE.jar:5.1.3.RELEASE]
	at org.springframework.web.servlet.DispatcherServlet.doDispatch(DispatcherServlet.java:1038) ~[spring-webmvc-5.1.3.RELEASE.jar:5.1.3.RELEASE]
	at org.springframework.web.servlet.DispatcherServlet.doService(DispatcherServlet.java:942) ~[spring-webmvc-5.1.3.RELEASE.jar:5.1.3.RELEASE]
	at org.springframework.web.servlet.FrameworkServlet.processRequest(FrameworkServlet.java:1005) ~[spring-webmvc-5.1.3.RELEASE.jar:5.1.3.RELEASE]
	at org.springframework.web.servlet.FrameworkServlet.doPost(FrameworkServlet.java:908) ~[spring-webmvc-5.1.3.RELEASE.jar:5.1.3.RELEASE]
	at javax.servlet.http.HttpServlet.service(HttpServlet.java:660) ~[tomcat-embed-core-9.0.13.jar:9.0.13]
	at org.springframework.web.servlet.FrameworkServlet.service(FrameworkServlet.java:882) ~[spring-webmvc-5.1.3.RELEASE.jar:5.1.3.RELEASE]
	at javax.servlet.http.HttpServlet.service(HttpServlet.java:741) ~[tomcat-embed-core-9.0.13.jar:9.0.13]
	at org.apache.catalina.core.ApplicationFilterChain.internalDoFilter(ApplicationFilterChain.java:231) ~[tomcat-embed-core-9.0.13.jar:9.0.13]
	at org.apache.catalina.core.ApplicationFilterChain.doFilter(ApplicationFilterChain.java:166) ~[tomcat-embed-core-9.0.13.jar:9.0.13]
	at org.apache.tomcat.websocket.server.WsFilter.doFilter(WsFilter.java:53) ~[tomcat-embed-websocket-9.0.13.jar:9.0.13]
	at org.apache.catalina.core.ApplicationFilterChain.internalDoFilter(ApplicationFilterChain.java:193) ~[tomcat-embed-core-9.0.13.jar:9.0.13]
	at org.apache.catalina.core.ApplicationFilterChain.doFilter(ApplicationFilterChain.java:166) ~[tomcat-embed-core-9.0.13.jar:9.0.13]
	at org.springframework.web.filter.RequestContextFilter.doFilterInternal(RequestContextFilter.java:99) ~[spring-web-5.1.3.RELEASE.jar:5.1.3.RELEASE]
	at org.springframework.web.filter.OncePerRequestFilter.doFilter(OncePerRequestFilter.java:107) ~[spring-web-5.1.3.RELEASE.jar:5.1.3.RELEASE]
	at org.apache.catalina.core.ApplicationFilterChain.internalDoFilter(ApplicationFilterChain.java:193) ~[tomcat-embed-core-9.0.13.jar:9.0.13]
	at org.apache.catalina.core.ApplicationFilterChain.doFilter(ApplicationFilterChain.java:166) ~[tomcat-embed-core-9.0.13.jar:9.0.13]
	at org.springframework.web.filter.FormContentFilter.doFilterInternal(FormContentFilter.java:92) ~[spring-web-5.1.3.RELEASE.jar:5.1.3.RELEASE]
	at org.springframework.web.filter.OncePerRequestFilter.doFilter(OncePerRequestFilter.java:107) ~[spring-web-5.1.3.RELEASE.jar:5.1.3.RELEASE]
	at org.apache.catalina.core.ApplicationFilterChain.internalDoFilter(ApplicationFilterChain.java:193) ~[tomcat-embed-core-9.0.13.jar:9.0.13]
	at org.apache.catalina.core.ApplicationFilterChain.doFilter(ApplicationFilterChain.java:166) ~[tomcat-embed-core-9.0.13.jar:9.0.13]
	at org.springframework.web.filter.HiddenHttpMethodFilter.doFilterInternal(HiddenHttpMethodFilter.java:93) ~[spring-web-5.1.3.RELEASE.jar:5.1.3.RELEASE]
	at org.springframework.web.filter.OncePerRequestFilter.doFilter(OncePerRequestFilter.java:107) ~[spring-web-5.1.3.RELEASE.jar:5.1.3.RELEASE]
	at org.apache.catalina.core.ApplicationFilterChain.internalDoFilter(ApplicationFilterChain.java:193) ~[tomcat-embed-core-9.0.13.jar:9.0.13]
	at org.apache.catalina.core.ApplicationFilterChain.doFilter(ApplicationFilterChain.java:166) ~[tomcat-embed-core-9.0.13.jar:9.0.13]
	at org.springframework.web.filter.CharacterEncodingFilter.doFilterInternal(CharacterEncodingFilter.java:200) ~[spring-web-5.1.3.RELEASE.jar:5.1.3.RELEASE]
	at org.springframework.web.filter.OncePerRequestFilter.doFilter(OncePerRequestFilter.java:107) ~[spring-web-5.1.3.RELEASE.jar:5.1.3.RELEASE]
	at org.apache.catalina.core.ApplicationFilterChain.internalDoFilter(ApplicationFilterChain.java:193) ~[tomcat-embed-core-9.0.13.jar:9.0.13]
	at org.apache.catalina.core.ApplicationFilterChain.doFilter(ApplicationFilterChain.java:166) ~[tomcat-embed-core-9.0.13.jar:9.0.13]
	at org.apache.catalina.core.StandardWrapperValve.invoke(StandardWrapperValve.java:199) ~[tomcat-embed-core-9.0.13.jar:9.0.13]
	at org.apache.catalina.core.StandardContextValve.invoke(StandardContextValve.java:96) [tomcat-embed-core-9.0.13.jar:9.0.13]
	at org.apache.catalina.authenticator.AuthenticatorBase.invoke(AuthenticatorBase.java:490) [tomcat-embed-core-9.0.13.jar:9.0.13]
	at org.apache.catalina.core.StandardHostValve.invoke(StandardHostValve.java:139) [tomcat-embed-core-9.0.13.jar:9.0.13]
	at org.apache.catalina.valves.ErrorReportValve.invoke(ErrorReportValve.java:92) [tomcat-embed-core-9.0.13.jar:9.0.13]
	at org.apache.catalina.core.StandardEngineValve.invoke(StandardEngineValve.java:74) [tomcat-embed-core-9.0.13.jar:9.0.13]
	at org.apache.catalina.connector.CoyoteAdapter.service(CoyoteAdapter.java:343) [tomcat-embed-core-9.0.13.jar:9.0.13]
	at org.apache.coyote.http11.Http11Processor.service(Http11Processor.java:408) [tomcat-embed-core-9.0.13.jar:9.0.13]
	at org.apache.coyote.AbstractProcessorLight.process(AbstractProcessorLight.java:66) [tomcat-embed-core-9.0.13.jar:9.0.13]
	at org.apache.coyote.AbstractProtocol$ConnectionHandler.process(AbstractProtocol.java:791) [tomcat-embed-core-9.0.13.jar:9.0.13]
	at org.apache.tomcat.util.net.NioEndpoint$SocketProcessor.doRun(NioEndpoint.java:1417) [tomcat-embed-core-9.0.13.jar:9.0.13]
	at org.apache.tomcat.util.net.SocketProcessorBase.run(SocketProcessorBase.java:49) [tomcat-embed-core-9.0.13.jar:9.0.13]
	at java.util.concurrent.ThreadPoolExecutor.runWorker(ThreadPoolExecutor.java:1149) [na:1.8.0_241]
	at java.util.concurrent.ThreadPoolExecutor$Worker.run(ThreadPoolExecutor.java:624) [na:1.8.0_241]
	at org.apache.tomcat.util.threads.TaskThread$WrappingRunnable.run(TaskThread.java:61) [tomcat-embed-core-9.0.13.jar:9.0.13]
	at java.lang.Thread.run(Thread.java:748) [na:1.8.0_241]

2021-10-04 15:36:12.101 ERROR 12040 --- [http-nio-8087-exec-7] o.a.c.c.C.[.[.[/].[dispatcherServlet]    : Servlet.service() for servlet [dispatcherServlet] in context with path [] threw exception [Request processing failed; nested exception is org.springframework.dao.DataIntegrityViolationException: 
### Error updating database.  Cause: java.sql.SQLIntegrityConstraintViolationException: Column 'order_id' cannot be null
### The error may involve com.example.dubbocommon.order.mapper.OrderMapper.save-Inline
### The error occurred while setting parameters
### SQL: insert into t_order (order_id, user_id, amount, ratio, order_type, status, create_time, modify_time) values (?, ?, ?, ?, ?, ?, ?, ?)
### Cause: java.sql.SQLIntegrityConstraintViolationException: Column 'order_id' cannot be null
; Column 'order_id' cannot be null; nested exception is java.sql.SQLIntegrityConstraintViolationException: Column 'order_id' cannot be null] with root cause

java.sql.SQLIntegrityConstraintViolationException: Column 'order_id' cannot be null
	at com.mysql.cj.jdbc.exceptions.SQLError.createSQLException(SQLError.java:117) ~[mysql-connector-java-8.0.22.jar:8.0.22]
	at com.mysql.cj.jdbc.exceptions.SQLError.createSQLException(SQLError.java:97) ~[mysql-connector-java-8.0.22.jar:8.0.22]
	at com.mysql.cj.jdbc.exceptions.SQLExceptionsMapping.translateException(SQLExceptionsMapping.java:122) ~[mysql-connector-java-8.0.22.jar:8.0.22]
	at com.mysql.cj.jdbc.ClientPreparedStatement.executeInternal(ClientPreparedStatement.java:953) ~[mysql-connector-java-8.0.22.jar:8.0.22]
	at com.mysql.cj.jdbc.ClientPreparedStatement.execute(ClientPreparedStatement.java:370) ~[mysql-connector-java-8.0.22.jar:8.0.22]
	at com.zaxxer.hikari.pool.ProxyPreparedStatement.execute(ProxyPreparedStatement.java:44) ~[HikariCP-3.2.0.jar:na]
	at com.zaxxer.hikari.pool.HikariProxyPreparedStatement.execute(HikariProxyPreparedStatement.java) ~[HikariCP-3.2.0.jar:na]
	at org.apache.ibatis.executor.statement.PreparedStatementHandler.update(PreparedStatementHandler.java:46) ~[mybatis-3.4.6.jar:3.4.6]
	at org.apache.ibatis.executor.statement.RoutingStatementHandler.update(RoutingStatementHandler.java:74) ~[mybatis-3.4.6.jar:3.4.6]
	at org.apache.ibatis.executor.SimpleExecutor.doUpdate(SimpleExecutor.java:50) ~[mybatis-3.4.6.jar:3.4.6]
	at org.apache.ibatis.executor.BaseExecutor.update(BaseExecutor.java:117) ~[mybatis-3.4.6.jar:3.4.6]
	at org.apache.ibatis.executor.CachingExecutor.update(CachingExecutor.java:76) ~[mybatis-3.4.6.jar:3.4.6]
	at org.apache.ibatis.session.defaults.DefaultSqlSession.update(DefaultSqlSession.java:198) ~[mybatis-3.4.6.jar:3.4.6]
	at org.apache.ibatis.session.defaults.DefaultSqlSession.insert(DefaultSqlSession.java:185) ~[mybatis-3.4.6.jar:3.4.6]
	at sun.reflect.NativeMethodAccessorImpl.invoke0(Native Method) ~[na:1.8.0_241]
	at sun.reflect.NativeMethodAccessorImpl.invoke(NativeMethodAccessorImpl.java:62) ~[na:1.8.0_241]
	at sun.reflect.DelegatingMethodAccessorImpl.invoke(DelegatingMethodAccessorImpl.java:43) ~[na:1.8.0_241]
	at java.lang.reflect.Method.invoke(Method.java:498) ~[na:1.8.0_241]
	at org.mybatis.spring.SqlSessionTemplate$SqlSessionInterceptor.invoke(SqlSessionTemplate.java:433) ~[mybatis-spring-1.3.2.jar:1.3.2]
	at com.sun.proxy.$Proxy82.insert(Unknown Source) ~[na:na]
	at org.mybatis.spring.SqlSessionTemplate.insert(SqlSessionTemplate.java:278) ~[mybatis-spring-1.3.2.jar:1.3.2]
	at org.apache.ibatis.binding.MapperMethod.execute(MapperMethod.java:58) ~[mybatis-3.4.6.jar:3.4.6]
	at org.apache.ibatis.binding.MapperProxy.invoke(MapperProxy.java:59) ~[mybatis-3.4.6.jar:3.4.6]
	at com.sun.proxy.$Proxy85.save(Unknown Source) ~[na:na]
	at com.example.dubboorder.service.impl.OrderServiceImpl.confirmException(OrderServiceImpl.java:92) ~[classes/:na]
	at com.example.dubboorder.service.impl.OrderServiceImpl$$FastClassBySpringCGLIB$$c6c9316f.invoke(<generated>) ~[classes/:na]
	at org.springframework.cglib.proxy.MethodProxy.invoke(MethodProxy.java:218) ~[spring-core-5.1.3.RELEASE.jar:5.1.3.RELEASE]
	at org.springframework.aop.framework.CglibAopProxy$CglibMethodInvocation.invokeJoinpoint(CglibAopProxy.java:749) ~[spring-aop-5.1.3.RELEASE.jar:5.1.3.RELEASE]
	at org.springframework.aop.framework.ReflectiveMethodInvocation.proceed(ReflectiveMethodInvocation.java:163) ~[spring-aop-5.1.3.RELEASE.jar:5.1.3.RELEASE]
	at org.springframework.transaction.interceptor.TransactionAspectSupport.invokeWithinTransaction(TransactionAspectSupport.java:294) ~[spring-tx-5.1.3.RELEASE.jar:5.1.3.RELEASE]
	at org.springframework.transaction.interceptor.TransactionInterceptor.invoke(TransactionInterceptor.java:98) ~[spring-tx-5.1.3.RELEASE.jar:5.1.3.RELEASE]
	at org.springframework.aop.framework.ReflectiveMethodInvocation.proceed(ReflectiveMethodInvocation.java:186) ~[spring-aop-5.1.3.RELEASE.jar:5.1.3.RELEASE]
	at org.springframework.aop.interceptor.ExposeInvocationInterceptor.invoke(ExposeInvocationInterceptor.java:93) ~[spring-aop-5.1.3.RELEASE.jar:5.1.3.RELEASE]
	at org.springframework.aop.framework.ReflectiveMethodInvocation.proceed(ReflectiveMethodInvocation.java:186) ~[spring-aop-5.1.3.RELEASE.jar:5.1.3.RELEASE]
	at org.springframework.aop.aspectj.MethodInvocationProceedingJoinPoint.proceed(MethodInvocationProceedingJoinPoint.java:88) ~[spring-aop-5.1.3.RELEASE.jar:5.1.3.RELEASE]
	at org.dromara.hmily.tcc.handler.StarterHmilyTccTransactionHandler.handleTransaction(StarterHmilyTccTransactionHandler.java:71) ~[hmily-tcc-2.1.2-SNAPSHOT.jar:na]
	at org.dromara.hmily.core.interceptor.HmilyGlobalInterceptor.invokeWithinTransaction(HmilyGlobalInterceptor.java:65) ~[hmily-core-2.1.2-SNAPSHOT.jar:na]
	at org.dromara.hmily.core.interceptor.HmilyGlobalInterceptor.invoke(HmilyGlobalInterceptor.java:60) ~[hmily-core-2.1.2-SNAPSHOT.jar:na]
	at org.dromara.hmily.core.aspect.AbstractHmilyTransactionAspect.interceptTccMethod(AbstractHmilyTransactionAspect.java:53) ~[hmily-core-2.1.2-SNAPSHOT.jar:na]
	at sun.reflect.NativeMethodAccessorImpl.invoke0(Native Method) ~[na:1.8.0_241]
	at sun.reflect.NativeMethodAccessorImpl.invoke(NativeMethodAccessorImpl.java:62) ~[na:1.8.0_241]
	at sun.reflect.DelegatingMethodAccessorImpl.invoke(DelegatingMethodAccessorImpl.java:43) ~[na:1.8.0_241]
	at java.lang.reflect.Method.invoke(Method.java:498) ~[na:1.8.0_241]
	at org.springframework.aop.aspectj.AbstractAspectJAdvice.invokeAdviceMethodWithGivenArgs(AbstractAspectJAdvice.java:644) ~[spring-aop-5.1.3.RELEASE.jar:5.1.3.RELEASE]
	at org.springframework.aop.aspectj.AbstractAspectJAdvice.invokeAdviceMethod(AbstractAspectJAdvice.java:633) ~[spring-aop-5.1.3.RELEASE.jar:5.1.3.RELEASE]
	at org.springframework.aop.aspectj.AspectJAroundAdvice.invoke(AspectJAroundAdvice.java:70) ~[spring-aop-5.1.3.RELEASE.jar:5.1.3.RELEASE]
	at org.springframework.aop.framework.ReflectiveMethodInvocation.proceed(ReflectiveMethodInvocation.java:175) ~[spring-aop-5.1.3.RELEASE.jar:5.1.3.RELEASE]
	at org.springframework.aop.framework.CglibAopProxy$DynamicAdvisedInterceptor.intercept(CglibAopProxy.java:688) ~[spring-aop-5.1.3.RELEASE.jar:5.1.3.RELEASE]
	at com.example.dubboorder.service.impl.OrderServiceImpl$$EnhancerBySpringCGLIB$$959ae97a.confirmException(<generated>) ~[classes/:na]
	at com.example.dubboorder.controller.OrderController.orderException(OrderController.java:36) ~[classes/:na]
	at sun.reflect.NativeMethodAccessorImpl.invoke0(Native Method) ~[na:1.8.0_241]
	at sun.reflect.NativeMethodAccessorImpl.invoke(NativeMethodAccessorImpl.java:62) ~[na:1.8.0_241]
	at sun.reflect.DelegatingMethodAccessorImpl.invoke(DelegatingMethodAccessorImpl.java:43) ~[na:1.8.0_241]
	at java.lang.reflect.Method.invoke(Method.java:498) ~[na:1.8.0_241]
	at org.springframework.web.method.support.InvocableHandlerMethod.doInvoke(InvocableHandlerMethod.java:189) ~[spring-web-5.1.3.RELEASE.jar:5.1.3.RELEASE]
	at org.springframework.web.method.support.InvocableHandlerMethod.invokeForRequest(InvocableHandlerMethod.java:138) ~[spring-web-5.1.3.RELEASE.jar:5.1.3.RELEASE]
	at org.springframework.web.servlet.mvc.method.annotation.ServletInvocableHandlerMethod.invokeAndHandle(ServletInvocableHandlerMethod.java:102) ~[spring-webmvc-5.1.3.RELEASE.jar:5.1.3.RELEASE]
	at org.springframework.web.servlet.mvc.method.annotation.RequestMappingHandlerAdapter.invokeHandlerMethod(RequestMappingHandlerAdapter.java:895) ~[spring-webmvc-5.1.3.RELEASE.jar:5.1.3.RELEASE]
	at org.springframework.web.servlet.mvc.method.annotation.RequestMappingHandlerAdapter.handleInternal(RequestMappingHandlerAdapter.java:800) ~[spring-webmvc-5.1.3.RELEASE.jar:5.1.3.RELEASE]
	at org.springframework.web.servlet.mvc.method.AbstractHandlerMethodAdapter.handle(AbstractHandlerMethodAdapter.java:87) ~[spring-webmvc-5.1.3.RELEASE.jar:5.1.3.RELEASE]
	at org.springframework.web.servlet.DispatcherServlet.doDispatch(DispatcherServlet.java:1038) ~[spring-webmvc-5.1.3.RELEASE.jar:5.1.3.RELEASE]
	at org.springframework.web.servlet.DispatcherServlet.doService(DispatcherServlet.java:942) ~[spring-webmvc-5.1.3.RELEASE.jar:5.1.3.RELEASE]
	at org.springframework.web.servlet.FrameworkServlet.processRequest(FrameworkServlet.java:1005) ~[spring-webmvc-5.1.3.RELEASE.jar:5.1.3.RELEASE]
	at org.springframework.web.servlet.FrameworkServlet.doPost(FrameworkServlet.java:908) ~[spring-webmvc-5.1.3.RELEASE.jar:5.1.3.RELEASE]
	at javax.servlet.http.HttpServlet.service(HttpServlet.java:660) ~[tomcat-embed-core-9.0.13.jar:9.0.13]
	at org.springframework.web.servlet.FrameworkServlet.service(FrameworkServlet.java:882) ~[spring-webmvc-5.1.3.RELEASE.jar:5.1.3.RELEASE]
	at javax.servlet.http.HttpServlet.service(HttpServlet.java:741) ~[tomcat-embed-core-9.0.13.jar:9.0.13]
	at org.apache.catalina.core.ApplicationFilterChain.internalDoFilter(ApplicationFilterChain.java:231) ~[tomcat-embed-core-9.0.13.jar:9.0.13]
	at org.apache.catalina.core.ApplicationFilterChain.doFilter(ApplicationFilterChain.java:166) ~[tomcat-embed-core-9.0.13.jar:9.0.13]
	at org.apache.tomcat.websocket.server.WsFilter.doFilter(WsFilter.java:53) ~[tomcat-embed-websocket-9.0.13.jar:9.0.13]
	at org.apache.catalina.core.ApplicationFilterChain.internalDoFilter(ApplicationFilterChain.java:193) ~[tomcat-embed-core-9.0.13.jar:9.0.13]
	at org.apache.catalina.core.ApplicationFilterChain.doFilter(ApplicationFilterChain.java:166) ~[tomcat-embed-core-9.0.13.jar:9.0.13]
	at org.springframework.web.filter.RequestContextFilter.doFilterInternal(RequestContextFilter.java:99) ~[spring-web-5.1.3.RELEASE.jar:5.1.3.RELEASE]
	at org.springframework.web.filter.OncePerRequestFilter.doFilter(OncePerRequestFilter.java:107) ~[spring-web-5.1.3.RELEASE.jar:5.1.3.RELEASE]
	at org.apache.catalina.core.ApplicationFilterChain.internalDoFilter(ApplicationFilterChain.java:193) ~[tomcat-embed-core-9.0.13.jar:9.0.13]
	at org.apache.catalina.core.ApplicationFilterChain.doFilter(ApplicationFilterChain.java:166) ~[tomcat-embed-core-9.0.13.jar:9.0.13]
	at org.springframework.web.filter.FormContentFilter.doFilterInternal(FormContentFilter.java:92) ~[spring-web-5.1.3.RELEASE.jar:5.1.3.RELEASE]
	at org.springframework.web.filter.OncePerRequestFilter.doFilter(OncePerRequestFilter.java:107) ~[spring-web-5.1.3.RELEASE.jar:5.1.3.RELEASE]
	at org.apache.catalina.core.ApplicationFilterChain.internalDoFilter(ApplicationFilterChain.java:193) ~[tomcat-embed-core-9.0.13.jar:9.0.13]
	at org.apache.catalina.core.ApplicationFilterChain.doFilter(ApplicationFilterChain.java:166) ~[tomcat-embed-core-9.0.13.jar:9.0.13]
	at org.springframework.web.filter.HiddenHttpMethodFilter.doFilterInternal(HiddenHttpMethodFilter.java:93) ~[spring-web-5.1.3.RELEASE.jar:5.1.3.RELEASE]
	at org.springframework.web.filter.OncePerRequestFilter.doFilter(OncePerRequestFilter.java:107) ~[spring-web-5.1.3.RELEASE.jar:5.1.3.RELEASE]
	at org.apache.catalina.core.ApplicationFilterChain.internalDoFilter(ApplicationFilterChain.java:193) ~[tomcat-embed-core-9.0.13.jar:9.0.13]
	at org.apache.catalina.core.ApplicationFilterChain.doFilter(ApplicationFilterChain.java:166) ~[tomcat-embed-core-9.0.13.jar:9.0.13]
	at org.springframework.web.filter.CharacterEncodingFilter.doFilterInternal(CharacterEncodingFilter.java:200) ~[spring-web-5.1.3.RELEASE.jar:5.1.3.RELEASE]
	at org.springframework.web.filter.OncePerRequestFilter.doFilter(OncePerRequestFilter.java:107) ~[spring-web-5.1.3.RELEASE.jar:5.1.3.RELEASE]
	at org.apache.catalina.core.ApplicationFilterChain.internalDoFilter(ApplicationFilterChain.java:193) ~[tomcat-embed-core-9.0.13.jar:9.0.13]
	at org.apache.catalina.core.ApplicationFilterChain.doFilter(ApplicationFilterChain.java:166) ~[tomcat-embed-core-9.0.13.jar:9.0.13]
	at org.apache.catalina.core.StandardWrapperValve.invoke(StandardWrapperValve.java:199) ~[tomcat-embed-core-9.0.13.jar:9.0.13]
	at org.apache.catalina.core.StandardContextValve.invoke(StandardContextValve.java:96) [tomcat-embed-core-9.0.13.jar:9.0.13]
	at org.apache.catalina.authenticator.AuthenticatorBase.invoke(AuthenticatorBase.java:490) [tomcat-embed-core-9.0.13.jar:9.0.13]
	at org.apache.catalina.core.StandardHostValve.invoke(StandardHostValve.java:139) [tomcat-embed-core-9.0.13.jar:9.0.13]
	at org.apache.catalina.valves.ErrorReportValve.invoke(ErrorReportValve.java:92) [tomcat-embed-core-9.0.13.jar:9.0.13]
	at org.apache.catalina.core.StandardEngineValve.invoke(StandardEngineValve.java:74) [tomcat-embed-core-9.0.13.jar:9.0.13]
	at org.apache.catalina.connector.CoyoteAdapter.service(CoyoteAdapter.java:343) [tomcat-embed-core-9.0.13.jar:9.0.13]
	at org.apache.coyote.http11.Http11Processor.service(Http11Processor.java:408) [tomcat-embed-core-9.0.13.jar:9.0.13]
	at org.apache.coyote.AbstractProcessorLight.process(AbstractProcessorLight.java:66) [tomcat-embed-core-9.0.13.jar:9.0.13]
	at org.apache.coyote.AbstractProtocol$ConnectionHandler.process(AbstractProtocol.java:791) [tomcat-embed-core-9.0.13.jar:9.0.13]
	at org.apache.tomcat.util.net.NioEndpoint$SocketProcessor.doRun(NioEndpoint.java:1417) [tomcat-embed-core-9.0.13.jar:9.0.13]
	at org.apache.tomcat.util.net.SocketProcessorBase.run(SocketProcessorBase.java:49) [tomcat-embed-core-9.0.13.jar:9.0.13]
	at java.util.concurrent.ThreadPoolExecutor.runWorker(ThreadPoolExecutor.java:1149) [na:1.8.0_241]
	at java.util.concurrent.ThreadPoolExecutor$Worker.run(ThreadPoolExecutor.java:624) [na:1.8.0_241]
	at org.apache.tomcat.util.threads.TaskThread$WrappingRunnable.run(TaskThread.java:61) [tomcat-embed-core-9.0.13.jar:9.0.13]
	at java.lang.Thread.run(Thread.java:748) [na:1.8.0_241]

2021-10-04 15:36:59.647  INFO 8476 --- [main] o.s.web.context.ContextLoader            : Root WebApplicationContext: initialization completed in 1951 ms
2021-10-04 15:36:59.746 DEBUG 8476 --- [main] org.apache.ibatis.logging.LogFactory     : Logging initialized using 'class org.apache.ibatis.logging.slf4j.Slf4jImpl' adapter.
2021-10-04 15:36:59.779 DEBUG 8476 --- [main] org.apache.ibatis.io.VFS                 : Using VFS adapter org.mybatis.spring.boot.autoconfigure.SpringBootVFS
2021-10-04 15:36:59.780 DEBUG 8476 --- [main] org.apache.ibatis.io.ResolverUtil        : Checking to see if class com.example.dubbocommon.order.entity.Order matches criteria [is assignable to Object]
2021-10-04 15:37:00.789 ERROR 8476 --- [main] org.dromara.hmily.spi.ExtensionLoader    : not found service provider for : org.dromara.hmily.core.service.HmilyTransactionHandlerRegistry
2021-10-04 15:37:09.640  INFO 8476 --- [http-nio-8087-exec-2] o.s.web.servlet.DispatcherServlet        : Initializing Servlet 'dispatcherServlet'
2021-10-04 15:37:09.648  INFO 8476 --- [http-nio-8087-exec-2] o.s.web.servlet.DispatcherServlet        : Completed initialization in 7 ms
2021-10-04 15:37:10.014 ERROR 8476 --- [http-nio-8087-exec-2] o.a.c.c.C.[.[.[/].[dispatcherServlet]    : Servlet.service() for servlet [dispatcherServlet] in context with path [] threw exception [Request processing failed; nested exception is com.alibaba.dubbo.rpc.RpcException: Failed to invoke the method incrAccountException in the service com.example.dubbocommon.account.api.AccountService. Tried 1 times of the providers [192.168.101.11:20880] (1/1) from the registry localhost:2181 on the consumer 192.168.101.11 using the dubbo version 2.6.5. Last error is: rpc invoke exception{}] with root cause

java.lang.RuntimeException: 增加账户余额异常
	at com.example.dubboaccount.service.AccountServiceImpl.incrAccountException(AccountServiceImpl.java:84) ~[na:na]
	at com.example.dubboaccount.service.AccountServiceImpl$$FastClassBySpringCGLIB$$65cc39ef.invoke(<generated>) ~[na:na]
	at org.springframework.cglib.proxy.MethodProxy.invoke(MethodProxy.java:218) ~[spring-core-5.1.3.RELEASE.jar:5.1.3.RELEASE]
	at org.springframework.aop.framework.CglibAopProxy$CglibMethodInvocation.invokeJoinpoint(CglibAopProxy.java:749) ~[spring-aop-5.1.3.RELEASE.jar:5.1.3.RELEASE]
	at org.springframework.aop.framework.ReflectiveMethodInvocation.proceed(ReflectiveMethodInvocation.java:163) ~[spring-aop-5.1.3.RELEASE.jar:5.1.3.RELEASE]
	at org.springframework.transaction.interceptor.TransactionAspectSupport.invokeWithinTransaction(TransactionAspectSupport.java:294) ~[spring-tx-5.1.3.RELEASE.jar:5.1.3.RELEASE]
	at org.springframework.transaction.interceptor.TransactionInterceptor.invoke(TransactionInterceptor.java:98) ~[spring-tx-5.1.3.RELEASE.jar:5.1.3.RELEASE]
	at org.springframework.aop.framework.ReflectiveMethodInvocation.proceed(ReflectiveMethodInvocation.java:186) ~[spring-aop-5.1.3.RELEASE.jar:5.1.3.RELEASE]
	at org.springframework.aop.interceptor.ExposeInvocationInterceptor.invoke(ExposeInvocationInterceptor.java:93) ~[spring-aop-5.1.3.RELEASE.jar:5.1.3.RELEASE]
	at org.springframework.aop.framework.ReflectiveMethodInvocation.proceed(ReflectiveMethodInvocation.java:186) ~[spring-aop-5.1.3.RELEASE.jar:5.1.3.RELEASE]
	at org.springframework.aop.aspectj.MethodInvocationProceedingJoinPoint.proceed(MethodInvocationProceedingJoinPoint.java:88) ~[spring-aop-5.1.3.RELEASE.jar:5.1.3.RELEASE]
	at org.dromara.hmily.tcc.handler.ParticipantHmilyTccTransactionHandler.handleTransaction(ParticipantHmilyTccTransactionHandler.java:59) ~[hmily-tcc-2.1.2-SNAPSHOT.jar:na]
	at org.dromara.hmily.core.interceptor.HmilyGlobalInterceptor.invokeWithinTransaction(HmilyGlobalInterceptor.java:65) ~[hmily-core-2.1.2-SNAPSHOT.jar:na]
	at org.dromara.hmily.core.interceptor.HmilyGlobalInterceptor.invoke(HmilyGlobalInterceptor.java:60) ~[hmily-core-2.1.2-SNAPSHOT.jar:na]
	at org.dromara.hmily.core.aspect.AbstractHmilyTransactionAspect.interceptTccMethod(AbstractHmilyTransactionAspect.java:53) ~[hmily-core-2.1.2-SNAPSHOT.jar:na]
	at sun.reflect.GeneratedMethodAccessor46.invoke(Unknown Source) ~[na:na]
	at sun.reflect.DelegatingMethodAccessorImpl.invoke(DelegatingMethodAccessorImpl.java:43) ~[na:1.8.0_241]
	at java.lang.reflect.Method.invoke(Method.java:498) ~[na:1.8.0_241]
	at org.springframework.aop.aspectj.AbstractAspectJAdvice.invokeAdviceMethodWithGivenArgs(AbstractAspectJAdvice.java:644) ~[spring-aop-5.1.3.RELEASE.jar:5.1.3.RELEASE]
	at org.springframework.aop.aspectj.AbstractAspectJAdvice.invokeAdviceMethod(AbstractAspectJAdvice.java:633) ~[spring-aop-5.1.3.RELEASE.jar:5.1.3.RELEASE]
	at org.springframework.aop.aspectj.AspectJAroundAdvice.invoke(AspectJAroundAdvice.java:70) ~[spring-aop-5.1.3.RELEASE.jar:5.1.3.RELEASE]
	at org.springframework.aop.framework.ReflectiveMethodInvocation.proceed(ReflectiveMethodInvocation.java:175) ~[spring-aop-5.1.3.RELEASE.jar:5.1.3.RELEASE]
	at org.springframework.aop.framework.CglibAopProxy$DynamicAdvisedInterceptor.intercept(CglibAopProxy.java:688) ~[spring-aop-5.1.3.RELEASE.jar:5.1.3.RELEASE]
	at com.example.dubboaccount.service.AccountServiceImpl$$EnhancerBySpringCGLIB$$cda6560c.incrAccountException(<generated>) ~[na:na]
	at com.alibaba.dubbo.common.bytecode.Wrapper0.invokeMethod(Wrapper0.java) ~[dubbo-2.6.5.jar:2.6.5]
	at com.alibaba.dubbo.rpc.proxy.javassist.JavassistProxyFactory$1.doInvoke(JavassistProxyFactory.java:47) ~[dubbo-2.6.5.jar:2.6.5]
	at com.alibaba.dubbo.rpc.proxy.AbstractProxyInvoker.invoke(AbstractProxyInvoker.java:76) ~[dubbo-2.6.5.jar:2.6.5]
	at com.alibaba.dubbo.config.invoker.DelegateProviderMetaDataInvoker.invoke(DelegateProviderMetaDataInvoker.java:52) ~[dubbo-2.6.5.jar:2.6.5]
	at com.alibaba.dubbo.rpc.protocol.InvokerWrapper.invoke(InvokerWrapper.java:56) ~[dubbo-2.6.5.jar:2.6.5]
	at com.alibaba.dubbo.rpc.filter.ExceptionFilter.invoke(ExceptionFilter.java:62) ~[dubbo-2.6.5.jar:2.6.5]
	at com.alibaba.dubbo.rpc.protocol.ProtocolFilterWrapper$1.invoke(ProtocolFilterWrapper.java:72) ~[dubbo-2.6.5.jar:2.6.5]
	at com.alibaba.dubbo.monitor.support.MonitorFilter.invoke(MonitorFilter.java:75) ~[dubbo-2.6.5.jar:2.6.5]
	at com.alibaba.dubbo.rpc.protocol.ProtocolFilterWrapper$1.invoke(ProtocolFilterWrapper.java:72) ~[dubbo-2.6.5.jar:2.6.5]
	at com.alibaba.dubbo.rpc.filter.TimeoutFilter.invoke(TimeoutFilter.java:42) ~[dubbo-2.6.5.jar:2.6.5]
	at com.alibaba.dubbo.rpc.protocol.ProtocolFilterWrapper$1.invoke(ProtocolFilterWrapper.java:72) ~[dubbo-2.6.5.jar:2.6.5]
	at com.alibaba.dubbo.rpc.protocol.dubbo.filter.TraceFilter.invoke(TraceFilter.java:78) ~[dubbo-2.6.5.jar:2.6.5]
	at com.alibaba.dubbo.rpc.protocol.ProtocolFilterWrapper$1.invoke(ProtocolFilterWrapper.java:72) ~[dubbo-2.6.5.jar:2.6.5]
	at com.alibaba.dubbo.rpc.filter.ExecuteLimitFilter.invoke(ExecuteLimitFilter.java:60) ~[dubbo-2.6.5.jar:2.6.5]
	at com.alibaba.dubbo.rpc.protocol.ProtocolFilterWrapper$1.invoke(ProtocolFilterWrapper.java:72) ~[dubbo-2.6.5.jar:2.6.5]
	at com.alibaba.dubbo.rpc.filter.ContextFilter.invoke(ContextFilter.java:73) ~[dubbo-2.6.5.jar:2.6.5]
	at com.alibaba.dubbo.rpc.protocol.ProtocolFilterWrapper$1.invoke(ProtocolFilterWrapper.java:72) ~[dubbo-2.6.5.jar:2.6.5]
	at com.alibaba.dubbo.rpc.filter.GenericFilter.invoke(GenericFilter.java:138) ~[dubbo-2.6.5.jar:2.6.5]
	at com.alibaba.dubbo.rpc.protocol.ProtocolFilterWrapper$1.invoke(ProtocolFilterWrapper.java:72) ~[dubbo-2.6.5.jar:2.6.5]
	at com.alibaba.dubbo.rpc.filter.ClassLoaderFilter.invoke(ClassLoaderFilter.java:38) ~[dubbo-2.6.5.jar:2.6.5]
	at com.alibaba.dubbo.rpc.protocol.ProtocolFilterWrapper$1.invoke(ProtocolFilterWrapper.java:72) ~[dubbo-2.6.5.jar:2.6.5]
	at com.alibaba.dubbo.rpc.filter.EchoFilter.invoke(EchoFilter.java:38) ~[dubbo-2.6.5.jar:2.6.5]
	at com.alibaba.dubbo.rpc.protocol.ProtocolFilterWrapper$1.invoke(ProtocolFilterWrapper.java:72) ~[dubbo-2.6.5.jar:2.6.5]
	at com.alibaba.dubbo.rpc.protocol.dubbo.DubboProtocol$1.reply(DubboProtocol.java:104) ~[dubbo-2.6.5.jar:2.6.5]
	at com.alibaba.dubbo.remoting.exchange.support.header.HeaderExchangeHandler.handleRequest(HeaderExchangeHandler.java:96) ~[dubbo-2.6.5.jar:2.6.5]
	at com.alibaba.dubbo.remoting.exchange.support.header.HeaderExchangeHandler.received(HeaderExchangeHandler.java:173) ~[dubbo-2.6.5.jar:2.6.5]
	at com.alibaba.dubbo.remoting.transport.DecodeHandler.received(DecodeHandler.java:51) ~[dubbo-2.6.5.jar:2.6.5]
	at com.alibaba.dubbo.remoting.transport.dispatcher.ChannelEventRunnable.run(ChannelEventRunnable.java:57) ~[dubbo-2.6.5.jar:2.6.5]
	at java.util.concurrent.ThreadPoolExecutor.runWorker(ThreadPoolExecutor.java:1149) ~[na:1.8.0_241]
	at java.util.concurrent.ThreadPoolExecutor$Worker.run(ThreadPoolExecutor.java:624) ~[na:1.8.0_241]
	at java.lang.Thread.run(Thread.java:748) [na:1.8.0_241]

2021-10-04 15:38:02.819  INFO 17080 --- [main] o.s.web.context.ContextLoader            : Root WebApplicationContext: initialization completed in 1946 ms
2021-10-04 15:38:02.918 DEBUG 17080 --- [main] org.apache.ibatis.logging.LogFactory     : Logging initialized using 'class org.apache.ibatis.logging.slf4j.Slf4jImpl' adapter.
2021-10-04 15:38:02.953 DEBUG 17080 --- [main] org.apache.ibatis.io.VFS                 : Using VFS adapter org.mybatis.spring.boot.autoconfigure.SpringBootVFS
2021-10-04 15:38:02.954 DEBUG 17080 --- [main] org.apache.ibatis.io.ResolverUtil        : Checking to see if class com.example.dubbocommon.order.entity.Order matches criteria [is assignable to Object]
2021-10-04 15:38:03.964 ERROR 17080 --- [main] org.dromara.hmily.spi.ExtensionLoader    : not found service provider for : org.dromara.hmily.core.service.HmilyTransactionHandlerRegistry
2021-10-04 15:38:08.878  INFO 17080 --- [http-nio-8087-exec-2] o.s.web.servlet.DispatcherServlet        : Initializing Servlet 'dispatcherServlet'
2021-10-04 15:38:08.883  INFO 17080 --- [http-nio-8087-exec-2] o.s.web.servlet.DispatcherServlet        : Completed initialization in 5 ms
2021-10-04 15:38:09.247 ERROR 17080 --- [http-nio-8087-exec-2] o.a.c.c.C.[.[.[/].[dispatcherServlet]    : Servlet.service() for servlet [dispatcherServlet] in context with path [] threw exception [Request processing failed; nested exception is com.alibaba.dubbo.rpc.RpcException: Failed to invoke the method incrAccountException in the service com.example.dubbocommon.account.api.AccountService. Tried 1 times of the providers [192.168.101.11:20880] (1/1) from the registry localhost:2181 on the consumer 192.168.101.11 using the dubbo version 2.6.5. Last error is: rpc invoke exception{}] with root cause

java.lang.RuntimeException: 增加账户余额异常
	at com.example.dubboaccount.service.AccountServiceImpl.incrAccountException(AccountServiceImpl.java:84) ~[na:na]
	at com.example.dubboaccount.service.AccountServiceImpl$$FastClassBySpringCGLIB$$65cc39ef.invoke(<generated>) ~[na:na]
	at org.springframework.cglib.proxy.MethodProxy.invoke(MethodProxy.java:218) ~[spring-core-5.1.3.RELEASE.jar:5.1.3.RELEASE]
	at org.springframework.aop.framework.CglibAopProxy$CglibMethodInvocation.invokeJoinpoint(CglibAopProxy.java:749) ~[spring-aop-5.1.3.RELEASE.jar:5.1.3.RELEASE]
	at org.springframework.aop.framework.ReflectiveMethodInvocation.proceed(ReflectiveMethodInvocation.java:163) ~[spring-aop-5.1.3.RELEASE.jar:5.1.3.RELEASE]
	at org.springframework.transaction.interceptor.TransactionAspectSupport.invokeWithinTransaction(TransactionAspectSupport.java:294) ~[spring-tx-5.1.3.RELEASE.jar:5.1.3.RELEASE]
	at org.springframework.transaction.interceptor.TransactionInterceptor.invoke(TransactionInterceptor.java:98) ~[spring-tx-5.1.3.RELEASE.jar:5.1.3.RELEASE]
	at org.springframework.aop.framework.ReflectiveMethodInvocation.proceed(ReflectiveMethodInvocation.java:186) ~[spring-aop-5.1.3.RELEASE.jar:5.1.3.RELEASE]
	at org.springframework.aop.interceptor.ExposeInvocationInterceptor.invoke(ExposeInvocationInterceptor.java:93) ~[spring-aop-5.1.3.RELEASE.jar:5.1.3.RELEASE]
	at org.springframework.aop.framework.ReflectiveMethodInvocation.proceed(ReflectiveMethodInvocation.java:186) ~[spring-aop-5.1.3.RELEASE.jar:5.1.3.RELEASE]
	at org.springframework.aop.aspectj.MethodInvocationProceedingJoinPoint.proceed(MethodInvocationProceedingJoinPoint.java:88) ~[spring-aop-5.1.3.RELEASE.jar:5.1.3.RELEASE]
	at org.dromara.hmily.tcc.handler.ParticipantHmilyTccTransactionHandler.handleTransaction(ParticipantHmilyTccTransactionHandler.java:59) ~[hmily-tcc-2.1.2-SNAPSHOT.jar:na]
	at org.dromara.hmily.core.interceptor.HmilyGlobalInterceptor.invokeWithinTransaction(HmilyGlobalInterceptor.java:65) ~[hmily-core-2.1.2-SNAPSHOT.jar:na]
	at org.dromara.hmily.core.interceptor.HmilyGlobalInterceptor.invoke(HmilyGlobalInterceptor.java:60) ~[hmily-core-2.1.2-SNAPSHOT.jar:na]
	at org.dromara.hmily.core.aspect.AbstractHmilyTransactionAspect.interceptTccMethod(AbstractHmilyTransactionAspect.java:53) ~[hmily-core-2.1.2-SNAPSHOT.jar:na]
	at sun.reflect.GeneratedMethodAccessor46.invoke(Unknown Source) ~[na:na]
	at sun.reflect.DelegatingMethodAccessorImpl.invoke(DelegatingMethodAccessorImpl.java:43) ~[na:1.8.0_241]
	at java.lang.reflect.Method.invoke(Method.java:498) ~[na:1.8.0_241]
	at org.springframework.aop.aspectj.AbstractAspectJAdvice.invokeAdviceMethodWithGivenArgs(AbstractAspectJAdvice.java:644) ~[spring-aop-5.1.3.RELEASE.jar:5.1.3.RELEASE]
	at org.springframework.aop.aspectj.AbstractAspectJAdvice.invokeAdviceMethod(AbstractAspectJAdvice.java:633) ~[spring-aop-5.1.3.RELEASE.jar:5.1.3.RELEASE]
	at org.springframework.aop.aspectj.AspectJAroundAdvice.invoke(AspectJAroundAdvice.java:70) ~[spring-aop-5.1.3.RELEASE.jar:5.1.3.RELEASE]
	at org.springframework.aop.framework.ReflectiveMethodInvocation.proceed(ReflectiveMethodInvocation.java:175) ~[spring-aop-5.1.3.RELEASE.jar:5.1.3.RELEASE]
	at org.springframework.aop.framework.CglibAopProxy$DynamicAdvisedInterceptor.intercept(CglibAopProxy.java:688) ~[spring-aop-5.1.3.RELEASE.jar:5.1.3.RELEASE]
	at com.example.dubboaccount.service.AccountServiceImpl$$EnhancerBySpringCGLIB$$cda6560c.incrAccountException(<generated>) ~[na:na]
	at com.alibaba.dubbo.common.bytecode.Wrapper0.invokeMethod(Wrapper0.java) ~[dubbo-2.6.5.jar:2.6.5]
	at com.alibaba.dubbo.rpc.proxy.javassist.JavassistProxyFactory$1.doInvoke(JavassistProxyFactory.java:47) ~[dubbo-2.6.5.jar:2.6.5]
	at com.alibaba.dubbo.rpc.proxy.AbstractProxyInvoker.invoke(AbstractProxyInvoker.java:76) ~[dubbo-2.6.5.jar:2.6.5]
	at com.alibaba.dubbo.config.invoker.DelegateProviderMetaDataInvoker.invoke(DelegateProviderMetaDataInvoker.java:52) ~[dubbo-2.6.5.jar:2.6.5]
	at com.alibaba.dubbo.rpc.protocol.InvokerWrapper.invoke(InvokerWrapper.java:56) ~[dubbo-2.6.5.jar:2.6.5]
	at com.alibaba.dubbo.rpc.filter.ExceptionFilter.invoke(ExceptionFilter.java:62) ~[dubbo-2.6.5.jar:2.6.5]
	at com.alibaba.dubbo.rpc.protocol.ProtocolFilterWrapper$1.invoke(ProtocolFilterWrapper.java:72) ~[dubbo-2.6.5.jar:2.6.5]
	at com.alibaba.dubbo.monitor.support.MonitorFilter.invoke(MonitorFilter.java:75) ~[dubbo-2.6.5.jar:2.6.5]
	at com.alibaba.dubbo.rpc.protocol.ProtocolFilterWrapper$1.invoke(ProtocolFilterWrapper.java:72) ~[dubbo-2.6.5.jar:2.6.5]
	at com.alibaba.dubbo.rpc.filter.TimeoutFilter.invoke(TimeoutFilter.java:42) ~[dubbo-2.6.5.jar:2.6.5]
	at com.alibaba.dubbo.rpc.protocol.ProtocolFilterWrapper$1.invoke(ProtocolFilterWrapper.java:72) ~[dubbo-2.6.5.jar:2.6.5]
	at com.alibaba.dubbo.rpc.protocol.dubbo.filter.TraceFilter.invoke(TraceFilter.java:78) ~[dubbo-2.6.5.jar:2.6.5]
	at com.alibaba.dubbo.rpc.protocol.ProtocolFilterWrapper$1.invoke(ProtocolFilterWrapper.java:72) ~[dubbo-2.6.5.jar:2.6.5]
	at com.alibaba.dubbo.rpc.filter.ExecuteLimitFilter.invoke(ExecuteLimitFilter.java:60) ~[dubbo-2.6.5.jar:2.6.5]
	at com.alibaba.dubbo.rpc.protocol.ProtocolFilterWrapper$1.invoke(ProtocolFilterWrapper.java:72) ~[dubbo-2.6.5.jar:2.6.5]
	at com.alibaba.dubbo.rpc.filter.ContextFilter.invoke(ContextFilter.java:73) ~[dubbo-2.6.5.jar:2.6.5]
	at com.alibaba.dubbo.rpc.protocol.ProtocolFilterWrapper$1.invoke(ProtocolFilterWrapper.java:72) ~[dubbo-2.6.5.jar:2.6.5]
	at com.alibaba.dubbo.rpc.filter.GenericFilter.invoke(GenericFilter.java:138) ~[dubbo-2.6.5.jar:2.6.5]
	at com.alibaba.dubbo.rpc.protocol.ProtocolFilterWrapper$1.invoke(ProtocolFilterWrapper.java:72) ~[dubbo-2.6.5.jar:2.6.5]
	at com.alibaba.dubbo.rpc.filter.ClassLoaderFilter.invoke(ClassLoaderFilter.java:38) ~[dubbo-2.6.5.jar:2.6.5]
	at com.alibaba.dubbo.rpc.protocol.ProtocolFilterWrapper$1.invoke(ProtocolFilterWrapper.java:72) ~[dubbo-2.6.5.jar:2.6.5]
	at com.alibaba.dubbo.rpc.filter.EchoFilter.invoke(EchoFilter.java:38) ~[dubbo-2.6.5.jar:2.6.5]
	at com.alibaba.dubbo.rpc.protocol.ProtocolFilterWrapper$1.invoke(ProtocolFilterWrapper.java:72) ~[dubbo-2.6.5.jar:2.6.5]
	at com.alibaba.dubbo.rpc.protocol.dubbo.DubboProtocol$1.reply(DubboProtocol.java:104) ~[dubbo-2.6.5.jar:2.6.5]
	at com.alibaba.dubbo.remoting.exchange.support.header.HeaderExchangeHandler.handleRequest(HeaderExchangeHandler.java:96) ~[dubbo-2.6.5.jar:2.6.5]
	at com.alibaba.dubbo.remoting.exchange.support.header.HeaderExchangeHandler.received(HeaderExchangeHandler.java:173) ~[dubbo-2.6.5.jar:2.6.5]
	at com.alibaba.dubbo.remoting.transport.DecodeHandler.received(DecodeHandler.java:51) ~[dubbo-2.6.5.jar:2.6.5]
	at com.alibaba.dubbo.remoting.transport.dispatcher.ChannelEventRunnable.run(ChannelEventRunnable.java:57) ~[dubbo-2.6.5.jar:2.6.5]
	at java.util.concurrent.ThreadPoolExecutor.runWorker(ThreadPoolExecutor.java:1149) ~[na:1.8.0_241]
	at java.util.concurrent.ThreadPoolExecutor$Worker.run(ThreadPoolExecutor.java:624) ~[na:1.8.0_241]
	at java.lang.Thread.run(Thread.java:748) [na:1.8.0_241]

2021-10-04 15:41:50.266  INFO 2160 --- [main] o.s.web.context.ContextLoader            : Root WebApplicationContext: initialization completed in 1905 ms
2021-10-04 15:41:50.353 DEBUG 2160 --- [main] org.apache.ibatis.logging.LogFactory     : Logging initialized using 'class org.apache.ibatis.logging.slf4j.Slf4jImpl' adapter.
2021-10-04 15:41:50.384 DEBUG 2160 --- [main] org.apache.ibatis.io.VFS                 : Using VFS adapter org.mybatis.spring.boot.autoconfigure.SpringBootVFS
2021-10-04 15:41:50.385 DEBUG 2160 --- [main] org.apache.ibatis.io.ResolverUtil        : Checking to see if class com.example.dubbocommon.order.entity.Order matches criteria [is assignable to Object]
2021-10-04 15:41:51.448 ERROR 2160 --- [main] org.dromara.hmily.spi.ExtensionLoader    : not found service provider for : org.dromara.hmily.core.service.HmilyTransactionHandlerRegistry
2021-10-04 15:42:13.519  INFO 2160 --- [http-nio-8087-exec-2] o.s.web.servlet.DispatcherServlet        : Initializing Servlet 'dispatcherServlet'
2021-10-04 15:42:13.525  INFO 2160 --- [http-nio-8087-exec-2] o.s.web.servlet.DispatcherServlet        : Completed initialization in 6 ms
2021-10-04 15:42:14.032 ERROR 2160 --- [http-nio-8087-exec-2] o.a.c.c.C.[.[.[/].[dispatcherServlet]    : Servlet.service() for servlet [dispatcherServlet] in context with path [] threw exception [Request processing failed; nested exception is com.alibaba.dubbo.rpc.RpcException: Failed to invoke the method incrAccountException in the service com.example.dubbocommon.account.api.AccountService. Tried 1 times of the providers [192.168.101.11:20880] (1/1) from the registry localhost:2181 on the consumer 192.168.101.11 using the dubbo version 2.6.5. Last error is: rpc invoke exception{}] with root cause

java.lang.RuntimeException: 增加账户余额异常
	at com.example.dubboaccount.service.AccountServiceImpl.incrAccountException(AccountServiceImpl.java:93) ~[na:na]
	at com.example.dubboaccount.service.AccountServiceImpl$$FastClassBySpringCGLIB$$65cc39ef.invoke(<generated>) ~[na:na]
	at org.springframework.cglib.proxy.MethodProxy.invoke(MethodProxy.java:218) ~[spring-core-5.1.3.RELEASE.jar:5.1.3.RELEASE]
	at org.springframework.aop.framework.CglibAopProxy$CglibMethodInvocation.invokeJoinpoint(CglibAopProxy.java:749) ~[spring-aop-5.1.3.RELEASE.jar:5.1.3.RELEASE]
	at org.springframework.aop.framework.ReflectiveMethodInvocation.proceed(ReflectiveMethodInvocation.java:163) ~[spring-aop-5.1.3.RELEASE.jar:5.1.3.RELEASE]
	at org.springframework.transaction.interceptor.TransactionAspectSupport.invokeWithinTransaction(TransactionAspectSupport.java:294) ~[spring-tx-5.1.3.RELEASE.jar:5.1.3.RELEASE]
	at org.springframework.transaction.interceptor.TransactionInterceptor.invoke(TransactionInterceptor.java:98) ~[spring-tx-5.1.3.RELEASE.jar:5.1.3.RELEASE]
	at org.springframework.aop.framework.ReflectiveMethodInvocation.proceed(ReflectiveMethodInvocation.java:186) ~[spring-aop-5.1.3.RELEASE.jar:5.1.3.RELEASE]
	at org.springframework.aop.interceptor.ExposeInvocationInterceptor.invoke(ExposeInvocationInterceptor.java:93) ~[spring-aop-5.1.3.RELEASE.jar:5.1.3.RELEASE]
	at org.springframework.aop.framework.ReflectiveMethodInvocation.proceed(ReflectiveMethodInvocation.java:186) ~[spring-aop-5.1.3.RELEASE.jar:5.1.3.RELEASE]
	at org.springframework.aop.aspectj.MethodInvocationProceedingJoinPoint.proceed(MethodInvocationProceedingJoinPoint.java:88) ~[spring-aop-5.1.3.RELEASE.jar:5.1.3.RELEASE]
	at org.dromara.hmily.tcc.handler.ParticipantHmilyTccTransactionHandler.handleTransaction(ParticipantHmilyTccTransactionHandler.java:59) ~[hmily-tcc-2.1.2-SNAPSHOT.jar:na]
	at org.dromara.hmily.core.interceptor.HmilyGlobalInterceptor.invokeWithinTransaction(HmilyGlobalInterceptor.java:65) ~[hmily-core-2.1.2-SNAPSHOT.jar:na]
	at org.dromara.hmily.core.interceptor.HmilyGlobalInterceptor.invoke(HmilyGlobalInterceptor.java:60) ~[hmily-core-2.1.2-SNAPSHOT.jar:na]
	at org.dromara.hmily.core.aspect.AbstractHmilyTransactionAspect.interceptTccMethod(AbstractHmilyTransactionAspect.java:53) ~[hmily-core-2.1.2-SNAPSHOT.jar:na]
	at sun.reflect.NativeMethodAccessorImpl.invoke0(Native Method) ~[na:1.8.0_241]
	at sun.reflect.NativeMethodAccessorImpl.invoke(NativeMethodAccessorImpl.java:62) ~[na:1.8.0_241]
	at sun.reflect.DelegatingMethodAccessorImpl.invoke(DelegatingMethodAccessorImpl.java:43) ~[na:1.8.0_241]
	at java.lang.reflect.Method.invoke(Method.java:498) ~[na:1.8.0_241]
	at org.springframework.aop.aspectj.AbstractAspectJAdvice.invokeAdviceMethodWithGivenArgs(AbstractAspectJAdvice.java:644) ~[spring-aop-5.1.3.RELEASE.jar:5.1.3.RELEASE]
	at org.springframework.aop.aspectj.AbstractAspectJAdvice.invokeAdviceMethod(AbstractAspectJAdvice.java:633) ~[spring-aop-5.1.3.RELEASE.jar:5.1.3.RELEASE]
	at org.springframework.aop.aspectj.AspectJAroundAdvice.invoke(AspectJAroundAdvice.java:70) ~[spring-aop-5.1.3.RELEASE.jar:5.1.3.RELEASE]
	at org.springframework.aop.framework.ReflectiveMethodInvocation.proceed(ReflectiveMethodInvocation.java:175) ~[spring-aop-5.1.3.RELEASE.jar:5.1.3.RELEASE]
	at org.springframework.aop.framework.CglibAopProxy$DynamicAdvisedInterceptor.intercept(CglibAopProxy.java:688) ~[spring-aop-5.1.3.RELEASE.jar:5.1.3.RELEASE]
	at com.example.dubboaccount.service.AccountServiceImpl$$EnhancerBySpringCGLIB$$b3ec4205.incrAccountException(<generated>) ~[na:na]
	at com.alibaba.dubbo.common.bytecode.Wrapper0.invokeMethod(Wrapper0.java) ~[dubbo-2.6.5.jar:2.6.5]
	at com.alibaba.dubbo.rpc.proxy.javassist.JavassistProxyFactory$1.doInvoke(JavassistProxyFactory.java:47) ~[dubbo-2.6.5.jar:2.6.5]
	at com.alibaba.dubbo.rpc.proxy.AbstractProxyInvoker.invoke(AbstractProxyInvoker.java:76) ~[dubbo-2.6.5.jar:2.6.5]
	at com.alibaba.dubbo.config.invoker.DelegateProviderMetaDataInvoker.invoke(DelegateProviderMetaDataInvoker.java:52) ~[dubbo-2.6.5.jar:2.6.5]
	at com.alibaba.dubbo.rpc.protocol.InvokerWrapper.invoke(InvokerWrapper.java:56) ~[dubbo-2.6.5.jar:2.6.5]
	at com.alibaba.dubbo.rpc.filter.ExceptionFilter.invoke(ExceptionFilter.java:62) ~[dubbo-2.6.5.jar:2.6.5]
	at com.alibaba.dubbo.rpc.protocol.ProtocolFilterWrapper$1.invoke(ProtocolFilterWrapper.java:72) ~[dubbo-2.6.5.jar:2.6.5]
	at com.alibaba.dubbo.monitor.support.MonitorFilter.invoke(MonitorFilter.java:75) ~[dubbo-2.6.5.jar:2.6.5]
	at com.alibaba.dubbo.rpc.protocol.ProtocolFilterWrapper$1.invoke(ProtocolFilterWrapper.java:72) ~[dubbo-2.6.5.jar:2.6.5]
	at com.alibaba.dubbo.rpc.filter.TimeoutFilter.invoke(TimeoutFilter.java:42) ~[dubbo-2.6.5.jar:2.6.5]
	at com.alibaba.dubbo.rpc.protocol.ProtocolFilterWrapper$1.invoke(ProtocolFilterWrapper.java:72) ~[dubbo-2.6.5.jar:2.6.5]
	at com.alibaba.dubbo.rpc.protocol.dubbo.filter.TraceFilter.invoke(TraceFilter.java:78) ~[dubbo-2.6.5.jar:2.6.5]
	at com.alibaba.dubbo.rpc.protocol.ProtocolFilterWrapper$1.invoke(ProtocolFilterWrapper.java:72) ~[dubbo-2.6.5.jar:2.6.5]
	at com.alibaba.dubbo.rpc.filter.ExecuteLimitFilter.invoke(ExecuteLimitFilter.java:60) ~[dubbo-2.6.5.jar:2.6.5]
	at com.alibaba.dubbo.rpc.protocol.ProtocolFilterWrapper$1.invoke(ProtocolFilterWrapper.java:72) ~[dubbo-2.6.5.jar:2.6.5]
	at com.alibaba.dubbo.rpc.filter.ContextFilter.invoke(ContextFilter.java:73) ~[dubbo-2.6.5.jar:2.6.5]
	at com.alibaba.dubbo.rpc.protocol.ProtocolFilterWrapper$1.invoke(ProtocolFilterWrapper.java:72) ~[dubbo-2.6.5.jar:2.6.5]
	at com.alibaba.dubbo.rpc.filter.GenericFilter.invoke(GenericFilter.java:138) ~[dubbo-2.6.5.jar:2.6.5]
	at com.alibaba.dubbo.rpc.protocol.ProtocolFilterWrapper$1.invoke(ProtocolFilterWrapper.java:72) ~[dubbo-2.6.5.jar:2.6.5]
	at com.alibaba.dubbo.rpc.filter.ClassLoaderFilter.invoke(ClassLoaderFilter.java:38) ~[dubbo-2.6.5.jar:2.6.5]
	at com.alibaba.dubbo.rpc.protocol.ProtocolFilterWrapper$1.invoke(ProtocolFilterWrapper.java:72) ~[dubbo-2.6.5.jar:2.6.5]
	at com.alibaba.dubbo.rpc.filter.EchoFilter.invoke(EchoFilter.java:38) ~[dubbo-2.6.5.jar:2.6.5]
	at com.alibaba.dubbo.rpc.protocol.ProtocolFilterWrapper$1.invoke(ProtocolFilterWrapper.java:72) ~[dubbo-2.6.5.jar:2.6.5]
	at com.alibaba.dubbo.rpc.protocol.dubbo.DubboProtocol$1.reply(DubboProtocol.java:104) ~[dubbo-2.6.5.jar:2.6.5]
	at com.alibaba.dubbo.remoting.exchange.support.header.HeaderExchangeHandler.handleRequest(HeaderExchangeHandler.java:96) ~[dubbo-2.6.5.jar:2.6.5]
	at com.alibaba.dubbo.remoting.exchange.support.header.HeaderExchangeHandler.received(HeaderExchangeHandler.java:173) ~[dubbo-2.6.5.jar:2.6.5]
	at com.alibaba.dubbo.remoting.transport.DecodeHandler.received(DecodeHandler.java:51) ~[dubbo-2.6.5.jar:2.6.5]
	at com.alibaba.dubbo.remoting.transport.dispatcher.ChannelEventRunnable.run(ChannelEventRunnable.java:57) ~[dubbo-2.6.5.jar:2.6.5]
	at java.util.concurrent.ThreadPoolExecutor.runWorker(ThreadPoolExecutor.java:1149) ~[na:1.8.0_241]
	at java.util.concurrent.ThreadPoolExecutor$Worker.run(ThreadPoolExecutor.java:624) ~[na:1.8.0_241]
	at java.lang.Thread.run(Thread.java:748) [na:1.8.0_241]

2021-10-04 15:49:47.869  INFO 18096 --- [main] o.s.web.context.ContextLoader            : Root WebApplicationContext: initialization completed in 1935 ms
2021-10-04 15:49:47.960 DEBUG 18096 --- [main] org.apache.ibatis.logging.LogFactory     : Logging initialized using 'class org.apache.ibatis.logging.slf4j.Slf4jImpl' adapter.
2021-10-04 15:49:47.993 DEBUG 18096 --- [main] org.apache.ibatis.io.VFS                 : Using VFS adapter org.mybatis.spring.boot.autoconfigure.SpringBootVFS
2021-10-04 15:49:47.994 DEBUG 18096 --- [main] org.apache.ibatis.io.ResolverUtil        : Checking to see if class com.example.dubbocommon.order.entity.Order matches criteria [is assignable to Object]
2021-10-04 15:49:49.359 ERROR 18096 --- [main] org.dromara.hmily.spi.ExtensionLoader    : not found service provider for : org.dromara.hmily.core.service.HmilyTransactionHandlerRegistry
2021-10-04 15:50:16.008  INFO 18096 --- [http-nio-8087-exec-1] o.s.web.servlet.DispatcherServlet        : Initializing Servlet 'dispatcherServlet'
2021-10-04 15:50:16.014  INFO 18096 --- [http-nio-8087-exec-1] o.s.web.servlet.DispatcherServlet        : Completed initialization in 5 ms
2021-10-04 15:51:06.375  INFO 19208 --- [main] o.s.web.context.ContextLoader            : Root WebApplicationContext: initialization completed in 2018 ms
2021-10-04 15:51:06.484 DEBUG 19208 --- [main] org.apache.ibatis.logging.LogFactory     : Logging initialized using 'class org.apache.ibatis.logging.slf4j.Slf4jImpl' adapter.
2021-10-04 15:51:06.525 DEBUG 19208 --- [main] org.apache.ibatis.io.VFS                 : Using VFS adapter org.mybatis.spring.boot.autoconfigure.SpringBootVFS
2021-10-04 15:51:06.526 DEBUG 19208 --- [main] org.apache.ibatis.io.ResolverUtil        : Checking to see if class com.example.dubbocommon.order.entity.Order matches criteria [is assignable to Object]
2021-10-04 15:51:07.613 ERROR 19208 --- [main] org.dromara.hmily.spi.ExtensionLoader    : not found service provider for : org.dromara.hmily.core.service.HmilyTransactionHandlerRegistry
2021-10-04 15:51:12.027  INFO 19208 --- [http-nio-8087-exec-1] o.s.web.servlet.DispatcherServlet        : Initializing Servlet 'dispatcherServlet'
2021-10-04 15:51:12.034  INFO 19208 --- [http-nio-8087-exec-1] o.s.web.servlet.DispatcherServlet        : Completed initialization in 7 ms
2021-10-04 15:54:24.475 DEBUG 21088 --- [background-preinit] .h.v.m.ResourceBundleMessageInterpolator : Loaded expression factory via original TCCL
2021-10-04 15:54:26.778  INFO 21088 --- [main] o.s.web.context.ContextLoader            : Root WebApplicationContext: initialization completed in 2166 ms
2021-10-04 15:54:26.944 DEBUG 21088 --- [main] org.apache.ibatis.logging.LogFactory     : Logging initialized using 'class org.apache.ibatis.logging.slf4j.Slf4jImpl' adapter.
2021-10-04 15:54:26.990 DEBUG 21088 --- [main] org.apache.ibatis.io.VFS                 : Using VFS adapter org.mybatis.spring.boot.autoconfigure.SpringBootVFS
2021-10-04 15:54:26.992 DEBUG 21088 --- [main] org.apache.ibatis.io.ResolverUtil        : Checking to see if class com.example.dubbocommon.order.entity.Order matches criteria [is assignable to Object]
2021-10-04 15:54:28.055 ERROR 21088 --- [main] org.dromara.hmily.spi.ExtensionLoader    : not found service provider for : org.dromara.hmily.core.service.HmilyTransactionHandlerRegistry
2021-10-04 15:54:31.477  INFO 21088 --- [http-nio-8087-exec-2] o.s.web.servlet.DispatcherServlet        : Initializing Servlet 'dispatcherServlet'
2021-10-04 15:54:31.483  INFO 21088 --- [http-nio-8087-exec-2] o.s.web.servlet.DispatcherServlet        : Completed initialization in 5 ms
2021-10-04 15:54:45.606 ERROR 21088 --- [http-nio-8087-exec-3] o.a.c.c.C.[.[.[/].[dispatcherServlet]    : Servlet.service() for servlet [dispatcherServlet] in context with path [] threw exception [Request processing failed; nested exception is com.alibaba.dubbo.rpc.RpcException: Failed to invoke the method incrAccountException in the service com.example.dubbocommon.account.api.AccountService. Tried 1 times of the providers [192.168.101.11:20880] (1/1) from the registry localhost:2181 on the consumer 192.168.101.11 using the dubbo version 2.6.5. Last error is: rpc invoke exception{}] with root cause

java.lang.RuntimeException: 增加账户余额异常
	at com.example.dubboaccount.service.AccountServiceImpl.incrAccountException(AccountServiceImpl.java:91) ~[na:na]
	at com.example.dubboaccount.service.AccountServiceImpl$$FastClassBySpringCGLIB$$65cc39ef.invoke(<generated>) ~[na:na]
	at org.springframework.cglib.proxy.MethodProxy.invoke(MethodProxy.java:218) ~[spring-core-5.1.3.RELEASE.jar:5.1.3.RELEASE]
	at org.springframework.aop.framework.CglibAopProxy$CglibMethodInvocation.invokeJoinpoint(CglibAopProxy.java:749) ~[spring-aop-5.1.3.RELEASE.jar:5.1.3.RELEASE]
	at org.springframework.aop.framework.ReflectiveMethodInvocation.proceed(ReflectiveMethodInvocation.java:163) ~[spring-aop-5.1.3.RELEASE.jar:5.1.3.RELEASE]
	at org.springframework.transaction.interceptor.TransactionAspectSupport.invokeWithinTransaction(TransactionAspectSupport.java:294) ~[spring-tx-5.1.3.RELEASE.jar:5.1.3.RELEASE]
	at org.springframework.transaction.interceptor.TransactionInterceptor.invoke(TransactionInterceptor.java:98) ~[spring-tx-5.1.3.RELEASE.jar:5.1.3.RELEASE]
	at org.springframework.aop.framework.ReflectiveMethodInvocation.proceed(ReflectiveMethodInvocation.java:186) ~[spring-aop-5.1.3.RELEASE.jar:5.1.3.RELEASE]
	at org.springframework.aop.interceptor.ExposeInvocationInterceptor.invoke(ExposeInvocationInterceptor.java:93) ~[spring-aop-5.1.3.RELEASE.jar:5.1.3.RELEASE]
	at org.springframework.aop.framework.ReflectiveMethodInvocation.proceed(ReflectiveMethodInvocation.java:186) ~[spring-aop-5.1.3.RELEASE.jar:5.1.3.RELEASE]
	at org.springframework.aop.aspectj.MethodInvocationProceedingJoinPoint.proceed(MethodInvocationProceedingJoinPoint.java:88) ~[spring-aop-5.1.3.RELEASE.jar:5.1.3.RELEASE]
	at org.dromara.hmily.tcc.handler.ParticipantHmilyTccTransactionHandler.handleTransaction(ParticipantHmilyTccTransactionHandler.java:59) ~[hmily-tcc-2.1.2-SNAPSHOT.jar:na]
	at org.dromara.hmily.core.interceptor.HmilyGlobalInterceptor.invokeWithinTransaction(HmilyGlobalInterceptor.java:65) ~[hmily-core-2.1.2-SNAPSHOT.jar:na]
	at org.dromara.hmily.core.interceptor.HmilyGlobalInterceptor.invoke(HmilyGlobalInterceptor.java:60) ~[hmily-core-2.1.2-SNAPSHOT.jar:na]
	at org.dromara.hmily.core.aspect.AbstractHmilyTransactionAspect.interceptTccMethod(AbstractHmilyTransactionAspect.java:53) ~[hmily-core-2.1.2-SNAPSHOT.jar:na]
	at sun.reflect.NativeMethodAccessorImpl.invoke0(Native Method) ~[na:1.8.0_241]
	at sun.reflect.NativeMethodAccessorImpl.invoke(NativeMethodAccessorImpl.java:62) ~[na:1.8.0_241]
	at sun.reflect.DelegatingMethodAccessorImpl.invoke(DelegatingMethodAccessorImpl.java:43) ~[na:1.8.0_241]
	at java.lang.reflect.Method.invoke(Method.java:498) ~[na:1.8.0_241]
	at org.springframework.aop.aspectj.AbstractAspectJAdvice.invokeAdviceMethodWithGivenArgs(AbstractAspectJAdvice.java:644) ~[spring-aop-5.1.3.RELEASE.jar:5.1.3.RELEASE]
	at org.springframework.aop.aspectj.AbstractAspectJAdvice.invokeAdviceMethod(AbstractAspectJAdvice.java:633) ~[spring-aop-5.1.3.RELEASE.jar:5.1.3.RELEASE]
	at org.springframework.aop.aspectj.AspectJAroundAdvice.invoke(AspectJAroundAdvice.java:70) ~[spring-aop-5.1.3.RELEASE.jar:5.1.3.RELEASE]
	at org.springframework.aop.framework.ReflectiveMethodInvocation.proceed(ReflectiveMethodInvocation.java:175) ~[spring-aop-5.1.3.RELEASE.jar:5.1.3.RELEASE]
	at org.springframework.aop.framework.CglibAopProxy$DynamicAdvisedInterceptor.intercept(CglibAopProxy.java:688) ~[spring-aop-5.1.3.RELEASE.jar:5.1.3.RELEASE]
	at com.example.dubboaccount.service.AccountServiceImpl$$EnhancerBySpringCGLIB$$56d7d66b.incrAccountException(<generated>) ~[na:na]
	at com.alibaba.dubbo.common.bytecode.Wrapper0.invokeMethod(Wrapper0.java) ~[dubbo-2.6.5.jar:2.6.5]
	at com.alibaba.dubbo.rpc.proxy.javassist.JavassistProxyFactory$1.doInvoke(JavassistProxyFactory.java:47) ~[dubbo-2.6.5.jar:2.6.5]
	at com.alibaba.dubbo.rpc.proxy.AbstractProxyInvoker.invoke(AbstractProxyInvoker.java:76) ~[dubbo-2.6.5.jar:2.6.5]
	at com.alibaba.dubbo.config.invoker.DelegateProviderMetaDataInvoker.invoke(DelegateProviderMetaDataInvoker.java:52) ~[dubbo-2.6.5.jar:2.6.5]
	at com.alibaba.dubbo.rpc.protocol.InvokerWrapper.invoke(InvokerWrapper.java:56) ~[dubbo-2.6.5.jar:2.6.5]
	at com.alibaba.dubbo.rpc.filter.ExceptionFilter.invoke(ExceptionFilter.java:62) ~[dubbo-2.6.5.jar:2.6.5]
	at com.alibaba.dubbo.rpc.protocol.ProtocolFilterWrapper$1.invoke(ProtocolFilterWrapper.java:72) ~[dubbo-2.6.5.jar:2.6.5]
	at com.alibaba.dubbo.monitor.support.MonitorFilter.invoke(MonitorFilter.java:75) ~[dubbo-2.6.5.jar:2.6.5]
	at com.alibaba.dubbo.rpc.protocol.ProtocolFilterWrapper$1.invoke(ProtocolFilterWrapper.java:72) ~[dubbo-2.6.5.jar:2.6.5]
	at com.alibaba.dubbo.rpc.filter.TimeoutFilter.invoke(TimeoutFilter.java:42) ~[dubbo-2.6.5.jar:2.6.5]
	at com.alibaba.dubbo.rpc.protocol.ProtocolFilterWrapper$1.invoke(ProtocolFilterWrapper.java:72) ~[dubbo-2.6.5.jar:2.6.5]
	at com.alibaba.dubbo.rpc.protocol.dubbo.filter.TraceFilter.invoke(TraceFilter.java:78) ~[dubbo-2.6.5.jar:2.6.5]
	at com.alibaba.dubbo.rpc.protocol.ProtocolFilterWrapper$1.invoke(ProtocolFilterWrapper.java:72) ~[dubbo-2.6.5.jar:2.6.5]
	at com.alibaba.dubbo.rpc.filter.ExecuteLimitFilter.invoke(ExecuteLimitFilter.java:60) ~[dubbo-2.6.5.jar:2.6.5]
	at com.alibaba.dubbo.rpc.protocol.ProtocolFilterWrapper$1.invoke(ProtocolFilterWrapper.java:72) ~[dubbo-2.6.5.jar:2.6.5]
	at com.alibaba.dubbo.rpc.filter.ContextFilter.invoke(ContextFilter.java:73) ~[dubbo-2.6.5.jar:2.6.5]
	at com.alibaba.dubbo.rpc.protocol.ProtocolFilterWrapper$1.invoke(ProtocolFilterWrapper.java:72) ~[dubbo-2.6.5.jar:2.6.5]
	at com.alibaba.dubbo.rpc.filter.GenericFilter.invoke(GenericFilter.java:138) ~[dubbo-2.6.5.jar:2.6.5]
	at com.alibaba.dubbo.rpc.protocol.ProtocolFilterWrapper$1.invoke(ProtocolFilterWrapper.java:72) ~[dubbo-2.6.5.jar:2.6.5]
	at com.alibaba.dubbo.rpc.filter.ClassLoaderFilter.invoke(ClassLoaderFilter.java:38) ~[dubbo-2.6.5.jar:2.6.5]
	at com.alibaba.dubbo.rpc.protocol.ProtocolFilterWrapper$1.invoke(ProtocolFilterWrapper.java:72) ~[dubbo-2.6.5.jar:2.6.5]
	at com.alibaba.dubbo.rpc.filter.EchoFilter.invoke(EchoFilter.java:38) ~[dubbo-2.6.5.jar:2.6.5]
	at com.alibaba.dubbo.rpc.protocol.ProtocolFilterWrapper$1.invoke(ProtocolFilterWrapper.java:72) ~[dubbo-2.6.5.jar:2.6.5]
	at com.alibaba.dubbo.rpc.protocol.dubbo.DubboProtocol$1.reply(DubboProtocol.java:104) ~[dubbo-2.6.5.jar:2.6.5]
	at com.alibaba.dubbo.remoting.exchange.support.header.HeaderExchangeHandler.handleRequest(HeaderExchangeHandler.java:96) ~[dubbo-2.6.5.jar:2.6.5]
	at com.alibaba.dubbo.remoting.exchange.support.header.HeaderExchangeHandler.received(HeaderExchangeHandler.java:173) ~[dubbo-2.6.5.jar:2.6.5]
	at com.alibaba.dubbo.remoting.transport.DecodeHandler.received(DecodeHandler.java:51) ~[dubbo-2.6.5.jar:2.6.5]
	at com.alibaba.dubbo.remoting.transport.dispatcher.ChannelEventRunnable.run(ChannelEventRunnable.java:57) ~[dubbo-2.6.5.jar:2.6.5]
	at java.util.concurrent.ThreadPoolExecutor.runWorker(ThreadPoolExecutor.java:1149) ~[na:1.8.0_241]
	at java.util.concurrent.ThreadPoolExecutor$Worker.run(ThreadPoolExecutor.java:624) ~[na:1.8.0_241]
	at java.lang.Thread.run(Thread.java:748) [na:1.8.0_241]

